  소스.cpp
c:\users\ese2016\dropbox\공부\1학년_2학기\전공\c언어\visual_code\2016_11_22_hj\2016_11_22_hj\소스.cpp(120): warning C4244: '=': 'double'에서 'float'(으)로 변환하면서 데이터가 손실될 수 있습니다.
c:\users\ese2016\dropbox\공부\1학년_2학기\전공\c언어\visual_code\2016_11_22_hj\2016_11_22_hj\소스.cpp(121): warning C4244: '=': 'double'에서 'float'(으)로 변환하면서 데이터가 손실될 수 있습니다.
c:\users\ese2016\dropbox\공부\1학년_2학기\전공\c언어\visual_code\2016_11_22_hj\2016_11_22_hj\소스.cpp(122): warning C4244: '=': 'double'에서 'float'(으)로 변환하면서 데이터가 손실될 수 있습니다.
c:\users\ese2016\dropbox\공부\1학년_2학기\전공\c언어\visual_code\2016_11_22_hj\2016_11_22_hj\소스.cpp(123): warning C4244: '=': 'double'에서 'float'(으)로 변환하면서 데이터가 손실될 수 있습니다.
c:\users\ese2016\dropbox\공부\1학년_2학기\전공\c언어\visual_code\2016_11_22_hj\2016_11_22_hj\소스.cpp(128): warning C4244: '=': 'double'에서 'float'(으)로 변환하면서 데이터가 손실될 수 있습니다.
c:\users\ese2016\dropbox\공부\1학년_2학기\전공\c언어\visual_code\2016_11_22_hj\2016_11_22_hj\소스.cpp(129): warning C4244: '=': 'double'에서 'float'(으)로 변환하면서 데이터가 손실될 수 있습니다.
c:\users\ese2016\dropbox\공부\1학년_2학기\전공\c언어\visual_code\2016_11_22_hj\2016_11_22_hj\소스.cpp(130): warning C4244: '=': 'double'에서 'float'(으)로 변환하면서 데이터가 손실될 수 있습니다.
c:\users\ese2016\dropbox\공부\1학년_2학기\전공\c언어\visual_code\2016_11_22_hj\2016_11_22_hj\소스.cpp(131): warning C4244: '=': 'double'에서 'float'(으)로 변환하면서 데이터가 손실될 수 있습니다.
c:\users\ese2016\dropbox\공부\1학년_2학기\전공\c언어\visual_code\2016_11_22_hj\2016_11_22_hj\소스.cpp(136): warning C4244: '=': 'double'에서 'float'(으)로 변환하면서 데이터가 손실될 수 있습니다.
c:\users\ese2016\dropbox\공부\1학년_2학기\전공\c언어\visual_code\2016_11_22_hj\2016_11_22_hj\소스.cpp(137): warning C4244: '=': 'double'에서 'float'(으)로 변환하면서 데이터가 손실될 수 있습니다.
c:\users\ese2016\dropbox\공부\1학년_2학기\전공\c언어\visual_code\2016_11_22_hj\2016_11_22_hj\소스.cpp(142): warning C4244: '=': 'double'에서 'float'(으)로 변환하면서 데이터가 손실될 수 있습니다.
c:\users\ese2016\dropbox\공부\1학년_2학기\전공\c언어\visual_code\2016_11_22_hj\2016_11_22_hj\소스.cpp(143): warning C4244: '=': 'double'에서 'float'(으)로 변환하면서 데이터가 손실될 수 있습니다.
c:\users\ese2016\dropbox\공부\1학년_2학기\전공\c언어\visual_code\2016_11_22_hj\2016_11_22_hj\소스.cpp(151): warning C4244: '=': 'double'에서 'float'(으)로 변환하면서 데이터가 손실될 수 있습니다.
c:\users\ese2016\dropbox\공부\1학년_2학기\전공\c언어\visual_code\2016_11_22_hj\2016_11_22_hj\소스.cpp(152): warning C4244: '=': 'double'에서 'float'(으)로 변환하면서 데이터가 손실될 수 있습니다.
c:\users\ese2016\dropbox\공부\1학년_2학기\전공\c언어\visual_code\2016_11_22_hj\2016_11_22_hj\소스.cpp(153): warning C4244: '=': 'double'에서 'float'(으)로 변환하면서 데이터가 손실될 수 있습니다.
c:\users\ese2016\dropbox\공부\1학년_2학기\전공\c언어\visual_code\2016_11_22_hj\2016_11_22_hj\소스.cpp(154): warning C4244: '=': 'double'에서 'float'(으)로 변환하면서 데이터가 손실될 수 있습니다.
c:\users\ese2016\dropbox\공부\1학년_2학기\전공\c언어\visual_code\2016_11_22_hj\2016_11_22_hj\소스.cpp(159): warning C4244: '=': 'double'에서 'float'(으)로 변환하면서 데이터가 손실될 수 있습니다.
c:\users\ese2016\dropbox\공부\1학년_2학기\전공\c언어\visual_code\2016_11_22_hj\2016_11_22_hj\소스.cpp(160): warning C4244: '=': 'double'에서 'float'(으)로 변환하면서 데이터가 손실될 수 있습니다.
c:\users\ese2016\dropbox\공부\1학년_2학기\전공\c언어\visual_code\2016_11_22_hj\2016_11_22_hj\소스.cpp(161): warning C4244: '=': 'double'에서 'float'(으)로 변환하면서 데이터가 손실될 수 있습니다.
c:\users\ese2016\dropbox\공부\1학년_2학기\전공\c언어\visual_code\2016_11_22_hj\2016_11_22_hj\소스.cpp(166): warning C4244: '=': 'double'에서 'float'(으)로 변환하면서 데이터가 손실될 수 있습니다.
c:\users\ese2016\dropbox\공부\1학년_2학기\전공\c언어\visual_code\2016_11_22_hj\2016_11_22_hj\소스.cpp(167): warning C4244: '=': 'double'에서 'float'(으)로 변환하면서 데이터가 손실될 수 있습니다.
c:\users\ese2016\dropbox\공부\1학년_2학기\전공\c언어\visual_code\2016_11_22_hj\2016_11_22_hj\소스.cpp(168): warning C4244: '=': 'double'에서 'float'(으)로 변환하면서 데이터가 손실될 수 있습니다.
c:\users\ese2016\dropbox\공부\1학년_2학기\전공\c언어\visual_code\2016_11_22_hj\2016_11_22_hj\소스.cpp(169): warning C4244: '=': 'double'에서 'float'(으)로 변환하면서 데이터가 손실될 수 있습니다.
c:\users\ese2016\dropbox\공부\1학년_2학기\전공\c언어\visual_code\2016_11_22_hj\2016_11_22_hj\소스.cpp(170): warning C4244: '=': 'double'에서 'float'(으)로 변환하면서 데이터가 손실될 수 있습니다.
c:\users\ese2016\dropbox\공부\1학년_2학기\전공\c언어\visual_code\2016_11_22_hj\2016_11_22_hj\소스.cpp(175): warning C4244: '=': 'double'에서 'float'(으)로 변환하면서 데이터가 손실될 수 있습니다.
c:\users\ese2016\dropbox\공부\1학년_2학기\전공\c언어\visual_code\2016_11_22_hj\2016_11_22_hj\소스.cpp(176): warning C4244: '=': 'double'에서 'float'(으)로 변환하면서 데이터가 손실될 수 있습니다.
c:\users\ese2016\dropbox\공부\1학년_2학기\전공\c언어\visual_code\2016_11_22_hj\2016_11_22_hj\소스.cpp(177): warning C4244: '=': 'double'에서 'float'(으)로 변환하면서 데이터가 손실될 수 있습니다.
c:\users\ese2016\dropbox\공부\1학년_2학기\전공\c언어\visual_code\2016_11_22_hj\2016_11_22_hj\소스.cpp(178): warning C4244: '=': 'double'에서 'float'(으)로 변환하면서 데이터가 손실될 수 있습니다.
c:\users\ese2016\dropbox\공부\1학년_2학기\전공\c언어\visual_code\2016_11_22_hj\2016_11_22_hj\소스.cpp(179): warning C4244: '=': 'double'에서 'float'(으)로 변환하면서 데이터가 손실될 수 있습니다.
c:\users\ese2016\dropbox\공부\1학년_2학기\전공\c언어\visual_code\2016_11_22_hj\2016_11_22_hj\소스.cpp(188): warning C4244: '=': 'double'에서 'float'(으)로 변환하면서 데이터가 손실될 수 있습니다.
c:\users\ese2016\dropbox\공부\1학년_2학기\전공\c언어\visual_code\2016_11_22_hj\2016_11_22_hj\소스.cpp(189): warning C4244: '=': 'double'에서 'float'(으)로 변환하면서 데이터가 손실될 수 있습니다.
c:\users\ese2016\dropbox\공부\1학년_2학기\전공\c언어\visual_code\2016_11_22_hj\2016_11_22_hj\소스.cpp(190): warning C4244: '=': 'double'에서 'float'(으)로 변환하면서 데이터가 손실될 수 있습니다.
c:\users\ese2016\dropbox\공부\1학년_2학기\전공\c언어\visual_code\2016_11_22_hj\2016_11_22_hj\소스.cpp(191): warning C4244: '=': 'double'에서 'float'(으)로 변환하면서 데이터가 손실될 수 있습니다.
c:\users\ese2016\dropbox\공부\1학년_2학기\전공\c언어\visual_code\2016_11_22_hj\2016_11_22_hj\소스.cpp(192): warning C4244: '=': 'double'에서 'float'(으)로 변환하면서 데이터가 손실될 수 있습니다.
c:\users\ese2016\dropbox\공부\1학년_2학기\전공\c언어\visual_code\2016_11_22_hj\2016_11_22_hj\소스.cpp(197): warning C4244: '=': 'double'에서 'float'(으)로 변환하면서 데이터가 손실될 수 있습니다.
c:\users\ese2016\dropbox\공부\1학년_2학기\전공\c언어\visual_code\2016_11_22_hj\2016_11_22_hj\소스.cpp(198): warning C4244: '=': 'double'에서 'float'(으)로 변환하면서 데이터가 손실될 수 있습니다.
c:\users\ese2016\dropbox\공부\1학년_2학기\전공\c언어\visual_code\2016_11_22_hj\2016_11_22_hj\소스.cpp(199): warning C4244: '=': 'double'에서 'float'(으)로 변환하면서 데이터가 손실될 수 있습니다.
c:\users\ese2016\dropbox\공부\1학년_2학기\전공\c언어\visual_code\2016_11_22_hj\2016_11_22_hj\소스.cpp(200): warning C4244: '=': 'double'에서 'float'(으)로 변환하면서 데이터가 손실될 수 있습니다.
c:\users\ese2016\dropbox\공부\1학년_2학기\전공\c언어\visual_code\2016_11_22_hj\2016_11_22_hj\소스.cpp(201): warning C4244: '=': 'double'에서 'float'(으)로 변환하면서 데이터가 손실될 수 있습니다.
c:\users\ese2016\dropbox\공부\1학년_2학기\전공\c언어\visual_code\2016_11_22_hj\2016_11_22_hj\소스.cpp(210): warning C4244: '=': 'double'에서 'float'(으)로 변환하면서 데이터가 손실될 수 있습니다.
c:\users\ese2016\dropbox\공부\1학년_2학기\전공\c언어\visual_code\2016_11_22_hj\2016_11_22_hj\소스.cpp(211): warning C4244: '=': 'double'에서 'float'(으)로 변환하면서 데이터가 손실될 수 있습니다.
c:\users\ese2016\dropbox\공부\1학년_2학기\전공\c언어\visual_code\2016_11_22_hj\2016_11_22_hj\소스.cpp(212): warning C4244: '=': 'double'에서 'float'(으)로 변환하면서 데이터가 손실될 수 있습니다.
c:\users\ese2016\dropbox\공부\1학년_2학기\전공\c언어\visual_code\2016_11_22_hj\2016_11_22_hj\소스.cpp(213): warning C4244: '=': 'double'에서 'float'(으)로 변환하면서 데이터가 손실될 수 있습니다.
c:\users\ese2016\dropbox\공부\1학년_2학기\전공\c언어\visual_code\2016_11_22_hj\2016_11_22_hj\소스.cpp(214): warning C4244: '=': 'double'에서 'float'(으)로 변환하면서 데이터가 손실될 수 있습니다.
c:\users\ese2016\dropbox\공부\1학년_2학기\전공\c언어\visual_code\2016_11_22_hj\2016_11_22_hj\소스.cpp(219): warning C4244: '=': 'double'에서 'float'(으)로 변환하면서 데이터가 손실될 수 있습니다.
c:\users\ese2016\dropbox\공부\1학년_2학기\전공\c언어\visual_code\2016_11_22_hj\2016_11_22_hj\소스.cpp(220): warning C4244: '=': 'double'에서 'float'(으)로 변환하면서 데이터가 손실될 수 있습니다.
c:\users\ese2016\dropbox\공부\1학년_2학기\전공\c언어\visual_code\2016_11_22_hj\2016_11_22_hj\소스.cpp(221): warning C4244: '=': 'double'에서 'float'(으)로 변환하면서 데이터가 손실될 수 있습니다.
c:\users\ese2016\dropbox\공부\1학년_2학기\전공\c언어\visual_code\2016_11_22_hj\2016_11_22_hj\소스.cpp(226): warning C4244: '=': 'double'에서 'float'(으)로 변환하면서 데이터가 손실될 수 있습니다.
c:\users\ese2016\dropbox\공부\1학년_2학기\전공\c언어\visual_code\2016_11_22_hj\2016_11_22_hj\소스.cpp(227): warning C4244: '=': 'double'에서 'float'(으)로 변환하면서 데이터가 손실될 수 있습니다.
c:\users\ese2016\dropbox\공부\1학년_2학기\전공\c언어\visual_code\2016_11_22_hj\2016_11_22_hj\소스.cpp(228): warning C4244: '=': 'double'에서 'float'(으)로 변환하면서 데이터가 손실될 수 있습니다.
c:\users\ese2016\dropbox\공부\1학년_2학기\전공\c언어\visual_code\2016_11_22_hj\2016_11_22_hj\소스.cpp(233): warning C4244: '=': 'double'에서 'float'(으)로 변환하면서 데이터가 손실될 수 있습니다.
c:\users\ese2016\dropbox\공부\1학년_2학기\전공\c언어\visual_code\2016_11_22_hj\2016_11_22_hj\소스.cpp(234): warning C4244: '=': 'double'에서 'float'(으)로 변환하면서 데이터가 손실될 수 있습니다.
c:\users\ese2016\dropbox\공부\1학년_2학기\전공\c언어\visual_code\2016_11_22_hj\2016_11_22_hj\소스.cpp(235): warning C4244: '=': 'double'에서 'float'(으)로 변환하면서 데이터가 손실될 수 있습니다.
c:\users\ese2016\dropbox\공부\1학년_2학기\전공\c언어\visual_code\2016_11_22_hj\2016_11_22_hj\소스.cpp(243): warning C4244: '=': 'double'에서 'float'(으)로 변환하면서 데이터가 손실될 수 있습니다.
c:\users\ese2016\dropbox\공부\1학년_2학기\전공\c언어\visual_code\2016_11_22_hj\2016_11_22_hj\소스.cpp(244): warning C4244: '=': 'double'에서 'float'(으)로 변환하면서 데이터가 손실될 수 있습니다.
c:\users\ese2016\dropbox\공부\1학년_2학기\전공\c언어\visual_code\2016_11_22_hj\2016_11_22_hj\소스.cpp(245): warning C4244: '=': 'double'에서 'float'(으)로 변환하면서 데이터가 손실될 수 있습니다.
c:\users\ese2016\dropbox\공부\1학년_2학기\전공\c언어\visual_code\2016_11_22_hj\2016_11_22_hj\소스.cpp(246): warning C4244: '=': 'double'에서 'float'(으)로 변환하면서 데이터가 손실될 수 있습니다.
c:\users\ese2016\dropbox\공부\1학년_2학기\전공\c언어\visual_code\2016_11_22_hj\2016_11_22_hj\소스.cpp(247): warning C4244: '=': 'double'에서 'float'(으)로 변환하면서 데이터가 손실될 수 있습니다.
c:\users\ese2016\dropbox\공부\1학년_2학기\전공\c언어\visual_code\2016_11_22_hj\2016_11_22_hj\소스.cpp(252): warning C4244: '=': 'double'에서 'float'(으)로 변환하면서 데이터가 손실될 수 있습니다.
c:\users\ese2016\dropbox\공부\1학년_2학기\전공\c언어\visual_code\2016_11_22_hj\2016_11_22_hj\소스.cpp(253): warning C4244: '=': 'double'에서 'float'(으)로 변환하면서 데이터가 손실될 수 있습니다.
c:\users\ese2016\dropbox\공부\1학년_2학기\전공\c언어\visual_code\2016_11_22_hj\2016_11_22_hj\소스.cpp(254): warning C4244: '=': 'double'에서 'float'(으)로 변환하면서 데이터가 손실될 수 있습니다.
c:\users\ese2016\dropbox\공부\1학년_2학기\전공\c언어\visual_code\2016_11_22_hj\2016_11_22_hj\소스.cpp(255): warning C4244: '=': 'double'에서 'float'(으)로 변환하면서 데이터가 손실될 수 있습니다.
c:\users\ese2016\dropbox\공부\1학년_2학기\전공\c언어\visual_code\2016_11_22_hj\2016_11_22_hj\소스.cpp(260): warning C4244: '=': 'double'에서 'float'(으)로 변환하면서 데이터가 손실될 수 있습니다.
c:\users\ese2016\dropbox\공부\1학년_2학기\전공\c언어\visual_code\2016_11_22_hj\2016_11_22_hj\소스.cpp(261): warning C4244: '=': 'double'에서 'float'(으)로 변환하면서 데이터가 손실될 수 있습니다.
c:\users\ese2016\dropbox\공부\1학년_2학기\전공\c언어\visual_code\2016_11_22_hj\2016_11_22_hj\소스.cpp(270): warning C4244: '=': 'double'에서 'float'(으)로 변환하면서 데이터가 손실될 수 있습니다.
c:\users\ese2016\dropbox\공부\1학년_2학기\전공\c언어\visual_code\2016_11_22_hj\2016_11_22_hj\소스.cpp(271): warning C4244: '=': 'double'에서 'float'(으)로 변환하면서 데이터가 손실될 수 있습니다.
c:\users\ese2016\dropbox\공부\1학년_2학기\전공\c언어\visual_code\2016_11_22_hj\2016_11_22_hj\소스.cpp(272): warning C4244: '=': 'double'에서 'float'(으)로 변환하면서 데이터가 손실될 수 있습니다.
c:\users\ese2016\dropbox\공부\1학년_2학기\전공\c언어\visual_code\2016_11_22_hj\2016_11_22_hj\소스.cpp(273): warning C4244: '=': 'double'에서 'float'(으)로 변환하면서 데이터가 손실될 수 있습니다.
c:\users\ese2016\dropbox\공부\1학년_2학기\전공\c언어\visual_code\2016_11_22_hj\2016_11_22_hj\소스.cpp(274): warning C4244: '=': 'double'에서 'float'(으)로 변환하면서 데이터가 손실될 수 있습니다.
c:\users\ese2016\dropbox\공부\1학년_2학기\전공\c언어\visual_code\2016_11_22_hj\2016_11_22_hj\소스.cpp(279): warning C4244: '=': 'double'에서 'float'(으)로 변환하면서 데이터가 손실될 수 있습니다.
c:\users\ese2016\dropbox\공부\1학년_2학기\전공\c언어\visual_code\2016_11_22_hj\2016_11_22_hj\소스.cpp(280): warning C4244: '=': 'double'에서 'float'(으)로 변환하면서 데이터가 손실될 수 있습니다.
c:\users\ese2016\dropbox\공부\1학년_2학기\전공\c언어\visual_code\2016_11_22_hj\2016_11_22_hj\소스.cpp(281): warning C4244: '=': 'double'에서 'float'(으)로 변환하면서 데이터가 손실될 수 있습니다.
c:\users\ese2016\dropbox\공부\1학년_2학기\전공\c언어\visual_code\2016_11_22_hj\2016_11_22_hj\소스.cpp(282): warning C4244: '=': 'double'에서 'float'(으)로 변환하면서 데이터가 손실될 수 있습니다.
c:\users\ese2016\dropbox\공부\1학년_2학기\전공\c언어\visual_code\2016_11_22_hj\2016_11_22_hj\소스.cpp(287): warning C4244: '=': 'double'에서 'float'(으)로 변환하면서 데이터가 손실될 수 있습니다.
c:\users\ese2016\dropbox\공부\1학년_2학기\전공\c언어\visual_code\2016_11_22_hj\2016_11_22_hj\소스.cpp(288): warning C4244: '=': 'double'에서 'float'(으)로 변환하면서 데이터가 손실될 수 있습니다.
c:\users\ese2016\dropbox\공부\1학년_2학기\전공\c언어\visual_code\2016_11_22_hj\2016_11_22_hj\소스.cpp(293): warning C4244: '=': 'double'에서 'float'(으)로 변환하면서 데이터가 손실될 수 있습니다.
c:\users\ese2016\dropbox\공부\1학년_2학기\전공\c언어\visual_code\2016_11_22_hj\2016_11_22_hj\소스.cpp(294): warning C4244: '=': 'double'에서 'float'(으)로 변환하면서 데이터가 손실될 수 있습니다.
c:\users\ese2016\dropbox\공부\1학년_2학기\전공\c언어\visual_code\2016_11_22_hj\2016_11_22_hj\소스.cpp(302): warning C4244: '=': 'double'에서 'float'(으)로 변환하면서 데이터가 손실될 수 있습니다.
c:\users\ese2016\dropbox\공부\1학년_2학기\전공\c언어\visual_code\2016_11_22_hj\2016_11_22_hj\소스.cpp(303): warning C4244: '=': 'double'에서 'float'(으)로 변환하면서 데이터가 손실될 수 있습니다.
c:\users\ese2016\dropbox\공부\1학년_2학기\전공\c언어\visual_code\2016_11_22_hj\2016_11_22_hj\소스.cpp(304): warning C4244: '=': 'double'에서 'float'(으)로 변환하면서 데이터가 손실될 수 있습니다.
c:\users\ese2016\dropbox\공부\1학년_2학기\전공\c언어\visual_code\2016_11_22_hj\2016_11_22_hj\소스.cpp(305): warning C4244: '=': 'double'에서 'float'(으)로 변환하면서 데이터가 손실될 수 있습니다.
c:\users\ese2016\dropbox\공부\1학년_2학기\전공\c언어\visual_code\2016_11_22_hj\2016_11_22_hj\소스.cpp(306): warning C4244: '=': 'double'에서 'float'(으)로 변환하면서 데이터가 손실될 수 있습니다.
c:\users\ese2016\dropbox\공부\1학년_2학기\전공\c언어\visual_code\2016_11_22_hj\2016_11_22_hj\소스.cpp(311): warning C4244: '=': 'double'에서 'float'(으)로 변환하면서 데이터가 손실될 수 있습니다.
c:\users\ese2016\dropbox\공부\1학년_2학기\전공\c언어\visual_code\2016_11_22_hj\2016_11_22_hj\소스.cpp(312): warning C4244: '=': 'double'에서 'float'(으)로 변환하면서 데이터가 손실될 수 있습니다.
c:\users\ese2016\dropbox\공부\1학년_2학기\전공\c언어\visual_code\2016_11_22_hj\2016_11_22_hj\소스.cpp(313): warning C4244: '=': 'double'에서 'float'(으)로 변환하면서 데이터가 손실될 수 있습니다.
c:\users\ese2016\dropbox\공부\1학년_2학기\전공\c언어\visual_code\2016_11_22_hj\2016_11_22_hj\소스.cpp(314): warning C4244: '=': 'double'에서 'float'(으)로 변환하면서 데이터가 손실될 수 있습니다.
c:\users\ese2016\dropbox\공부\1학년_2학기\전공\c언어\visual_code\2016_11_22_hj\2016_11_22_hj\소스.cpp(319): warning C4244: '=': 'double'에서 'float'(으)로 변환하면서 데이터가 손실될 수 있습니다.
c:\users\ese2016\dropbox\공부\1학년_2학기\전공\c언어\visual_code\2016_11_22_hj\2016_11_22_hj\소스.cpp(320): warning C4244: '=': 'double'에서 'float'(으)로 변환하면서 데이터가 손실될 수 있습니다.
c:\users\ese2016\dropbox\공부\1학년_2학기\전공\c언어\visual_code\2016_11_22_hj\2016_11_22_hj\소스.cpp(321): warning C4244: '=': 'double'에서 'float'(으)로 변환하면서 데이터가 손실될 수 있습니다.
c:\users\ese2016\dropbox\공부\1학년_2학기\전공\c언어\visual_code\2016_11_22_hj\2016_11_22_hj\소스.cpp(322): warning C4244: '=': 'double'에서 'float'(으)로 변환하면서 데이터가 손실될 수 있습니다.
c:\users\ese2016\dropbox\공부\1학년_2학기\전공\c언어\visual_code\2016_11_22_hj\2016_11_22_hj\소스.cpp(327): warning C4244: '=': 'double'에서 'float'(으)로 변환하면서 데이터가 손실될 수 있습니다.
c:\users\ese2016\dropbox\공부\1학년_2학기\전공\c언어\visual_code\2016_11_22_hj\2016_11_22_hj\소스.cpp(328): warning C4244: '=': 'double'에서 'float'(으)로 변환하면서 데이터가 손실될 수 있습니다.
c:\users\ese2016\dropbox\공부\1학년_2학기\전공\c언어\visual_code\2016_11_22_hj\2016_11_22_hj\소스.cpp(337): warning C4244: '=': 'double'에서 'float'(으)로 변환하면서 데이터가 손실될 수 있습니다.
c:\users\ese2016\dropbox\공부\1학년_2학기\전공\c언어\visual_code\2016_11_22_hj\2016_11_22_hj\소스.cpp(338): warning C4244: '=': 'double'에서 'float'(으)로 변환하면서 데이터가 손실될 수 있습니다.
c:\users\ese2016\dropbox\공부\1학년_2학기\전공\c언어\visual_code\2016_11_22_hj\2016_11_22_hj\소스.cpp(339): warning C4244: '=': 'double'에서 'float'(으)로 변환하면서 데이터가 손실될 수 있습니다.
c:\users\ese2016\dropbox\공부\1학년_2학기\전공\c언어\visual_code\2016_11_22_hj\2016_11_22_hj\소스.cpp(340): warning C4244: '=': 'double'에서 'float'(으)로 변환하면서 데이터가 손실될 수 있습니다.
c:\users\ese2016\dropbox\공부\1학년_2학기\전공\c언어\visual_code\2016_11_22_hj\2016_11_22_hj\소스.cpp(341): warning C4244: '=': 'double'에서 'float'(으)로 변환하면서 데이터가 손실될 수 있습니다.
c:\users\ese2016\dropbox\공부\1학년_2학기\전공\c언어\visual_code\2016_11_22_hj\2016_11_22_hj\소스.cpp(346): warning C4244: '=': 'double'에서 'float'(으)로 변환하면서 데이터가 손실될 수 있습니다.
c:\users\ese2016\dropbox\공부\1학년_2학기\전공\c언어\visual_code\2016_11_22_hj\2016_11_22_hj\소스.cpp(347): warning C4244: '=': 'double'에서 'float'(으)로 변환하면서 데이터가 손실될 수 있습니다.
c:\users\ese2016\dropbox\공부\1학년_2학기\전공\c언어\visual_code\2016_11_22_hj\2016_11_22_hj\소스.cpp(348): warning C4244: '=': 'double'에서 'float'(으)로 변환하면서 데이터가 손실될 수 있습니다.
c:\users\ese2016\dropbox\공부\1학년_2학기\전공\c언어\visual_code\2016_11_22_hj\2016_11_22_hj\소스.cpp(353): warning C4244: '=': 'double'에서 'float'(으)로 변환하면서 데이터가 손실될 수 있습니다.
c:\users\ese2016\dropbox\공부\1학년_2학기\전공\c언어\visual_code\2016_11_22_hj\2016_11_22_hj\소스.cpp(354): warning C4244: '=': 'double'에서 'float'(으)로 변환하면서 데이터가 손실될 수 있습니다.
c:\users\ese2016\dropbox\공부\1학년_2학기\전공\c언어\visual_code\2016_11_22_hj\2016_11_22_hj\소스.cpp(355): warning C4244: '=': 'double'에서 'float'(으)로 변환하면서 데이터가 손실될 수 있습니다.
c:\users\ese2016\dropbox\공부\1학년_2학기\전공\c언어\visual_code\2016_11_22_hj\2016_11_22_hj\소스.cpp(360): warning C4244: '=': 'double'에서 'float'(으)로 변환하면서 데이터가 손실될 수 있습니다.
c:\users\ese2016\dropbox\공부\1학년_2학기\전공\c언어\visual_code\2016_11_22_hj\2016_11_22_hj\소스.cpp(361): warning C4244: '=': 'double'에서 'float'(으)로 변환하면서 데이터가 손실될 수 있습니다.
c:\users\ese2016\dropbox\공부\1학년_2학기\전공\c언어\visual_code\2016_11_22_hj\2016_11_22_hj\소스.cpp(362): warning C4244: '=': 'double'에서 'float'(으)로 변환하면서 데이터가 손실될 수 있습니다.
c:\users\ese2016\dropbox\공부\1학년_2학기\전공\c언어\visual_code\2016_11_22_hj\2016_11_22_hj\소스.cpp(109): warning C4996: 'fopen': This function or variable may be unsafe. Consider using fopen_s instead. To disable deprecation, use _CRT_SECURE_NO_WARNINGS. See online help for details.
  c:\program files (x86)\windows kits\10\include\10.0.10240.0\ucrt\stdio.h(205): note: 'fopen' 선언을 참조하십시오.
  2016_11_22_HJ.vcxproj -> c:\users\ese2016\Dropbox\공부\1학년_2학기\전공\C언어\Visual_Code\2016_11_22_HJ\Debug\2016_11_22_HJ.exe
  2016_11_22_HJ.vcxproj -> c:\users\ese2016\Dropbox\공부\1학년_2학기\전공\C언어\Visual_Code\2016_11_22_HJ\Debug\2016_11_22_HJ.pdb (Full PDB)
