  소스.c
c:\users\user\documents\visual studio 2015\projects\선언, 아스키코드\소스.c(17): warning C4013: 'bb'이(가) 정의되지 않았습니다. extern은 int형을 반환하는 것으로 간주합니다.
c:\users\user\documents\visual studio 2015\projects\선언, 아스키코드\소스.c(24): warning C4013: 'program1'이(가) 정의되지 않았습니다. extern은 int형을 반환하는 것으로 간주합니다.
c:\users\user\documents\visual studio 2015\projects\선언, 아스키코드\소스.c(25): warning C4013: 'program2'이(가) 정의되지 않았습니다. extern은 int형을 반환하는 것으로 간주합니다.
c:\users\user\documents\visual studio 2015\projects\선언, 아스키코드\소스.c(10): warning C4101: 'a' :참조되지 않은 지역 변수입니다.
c:\users\user\documents\visual studio 2015\projects\선언, 아스키코드\소스.c(11): warning C4101: 'k' :참조되지 않은 지역 변수입니다.
c:\users\user\documents\visual studio 2015\projects\선언, 아스키코드\소스.c(12): warning C4101: 'e' :참조되지 않은 지역 변수입니다.
c:\users\user\documents\visual studio 2015\projects\선언, 아스키코드\소스.c(10): warning C4101: 'b' :참조되지 않은 지역 변수입니다.
c:\users\user\documents\visual studio 2015\projects\선언, 아스키코드\소스.c(12): warning C4101: 'f' :참조되지 않은 지역 변수입니다.
c:\users\user\documents\visual studio 2015\projects\선언, 아스키코드\소스.c(13): warning C4101: 'l' :참조되지 않은 지역 변수입니다.
c:\users\user\documents\visual studio 2015\projects\선언, 아스키코드\소스.c(11): warning C4101: 'j' :참조되지 않은 지역 변수입니다.
c:\users\user\documents\visual studio 2015\projects\선언, 아스키코드\소스.c(11): warning C4101: 'i' :참조되지 않은 지역 변수입니다.
c:\users\user\documents\visual studio 2015\projects\선언, 아스키코드\소스.c(10): warning C4101: 'c' :참조되지 않은 지역 변수입니다.
c:\users\user\documents\visual studio 2015\projects\선언, 아스키코드\소스.c(14): warning C4101: 'h' :참조되지 않은 지역 변수입니다.
c:\users\user\documents\visual studio 2015\projects\선언, 아스키코드\소스.c(12): warning C4101: 'g' :참조되지 않은 지역 변수입니다.
c:\users\user\documents\visual studio 2015\projects\선언, 아스키코드\소스.c(10): warning C4101: 'd' :참조되지 않은 지역 변수입니다.
c:\users\user\documents\visual studio 2015\projects\선언, 아스키코드\소스.c(34): warning C4047: '초기화 중': 'char'의 간접 참조 수준이 'char [4]'과(와) 다릅니다.
c:\users\user\documents\visual studio 2015\projects\선언, 아스키코드\소스.c(36): warning C4047: '초기화 중': 'int'의 간접 참조 수준이 'char [4]'과(와) 다릅니다.
c:\users\user\documents\visual studio 2015\projects\선언, 아스키코드\소스.c(67): warning C4101: 'a' :참조되지 않은 지역 변수입니다.
c:\users\user\documents\visual studio 2015\projects\선언, 아스키코드\소스.c(69): warning C4101: 'cc' :참조되지 않은 지역 변수입니다.
c:\users\user\documents\visual studio 2015\projects\선언, 아스키코드\소스.c(67): warning C4101: 'e' :참조되지 않은 지역 변수입니다.
c:\users\user\documents\visual studio 2015\projects\선언, 아스키코드\소스.c(67): warning C4101: 'b' :참조되지 않은 지역 변수입니다.
c:\users\user\documents\visual studio 2015\projects\선언, 아스키코드\소스.c(67): warning C4101: 'c' :참조되지 않은 지역 변수입니다.
c:\users\user\documents\visual studio 2015\projects\선언, 아스키코드\소스.c(67): warning C4101: 'd' :참조되지 않은 지역 변수입니다.
c:\users\user\documents\visual studio 2015\projects\선언, 아스키코드\소스.c(68): warning C4101: 'bb' :참조되지 않은 지역 변수입니다.
c:\users\user\documents\visual studio 2015\projects\선언, 아스키코드\소스.c(37): warning C4716: 'bb': 값을 반환해야 합니다.
c:\users\user\documents\visual studio 2015\projects\선언, 아스키코드\소스.c(70): warning C4716: 'program2': 값을 반환해야 합니다.
  선언, 아스키코드.vcxproj -> c:\users\user\documents\visual studio 2015\Projects\선언, 아스키코드\Debug\선언, 아스키코드.exe
