  소스.cpp
c:\users\ese2016\dropbox\공부\1학년_2학기\전공\c언어\visual_code\2016_11_22_문제\소스.cpp(85): warning C4244: '=': 'double'에서 'float'(으)로 변환하면서 데이터가 손실될 수 있습니다.
c:\users\ese2016\dropbox\공부\1학년_2학기\전공\c언어\visual_code\2016_11_22_문제\소스.cpp(86): warning C4244: '=': 'double'에서 'float'(으)로 변환하면서 데이터가 손실될 수 있습니다.
c:\users\ese2016\dropbox\공부\1학년_2학기\전공\c언어\visual_code\2016_11_22_문제\소스.cpp(87): warning C4244: '=': 'double'에서 'float'(으)로 변환하면서 데이터가 손실될 수 있습니다.
c:\users\ese2016\dropbox\공부\1학년_2학기\전공\c언어\visual_code\2016_11_22_문제\소스.cpp(89): warning C4244: '=': 'double'에서 'float'(으)로 변환하면서 데이터가 손실될 수 있습니다.
c:\users\ese2016\dropbox\공부\1학년_2학기\전공\c언어\visual_code\2016_11_22_문제\소스.cpp(96): warning C4244: '=': 'double'에서 'float'(으)로 변환하면서 데이터가 손실될 수 있습니다.
c:\users\ese2016\dropbox\공부\1학년_2학기\전공\c언어\visual_code\2016_11_22_문제\소스.cpp(97): warning C4244: '=': 'double'에서 'float'(으)로 변환하면서 데이터가 손실될 수 있습니다.
c:\users\ese2016\dropbox\공부\1학년_2학기\전공\c언어\visual_code\2016_11_22_문제\소스.cpp(98): warning C4244: '=': 'double'에서 'float'(으)로 변환하면서 데이터가 손실될 수 있습니다.
c:\users\ese2016\dropbox\공부\1학년_2학기\전공\c언어\visual_code\2016_11_22_문제\소스.cpp(100): warning C4244: '=': 'double'에서 'float'(으)로 변환하면서 데이터가 손실될 수 있습니다.
c:\users\ese2016\dropbox\공부\1학년_2학기\전공\c언어\visual_code\2016_11_22_문제\소스.cpp(107): warning C4244: '=': 'double'에서 'float'(으)로 변환하면서 데이터가 손실될 수 있습니다.
c:\users\ese2016\dropbox\공부\1학년_2학기\전공\c언어\visual_code\2016_11_22_문제\소스.cpp(109): warning C4244: '=': 'double'에서 'float'(으)로 변환하면서 데이터가 손실될 수 있습니다.
c:\users\ese2016\dropbox\공부\1학년_2학기\전공\c언어\visual_code\2016_11_22_문제\소스.cpp(116): warning C4244: '=': 'double'에서 'float'(으)로 변환하면서 데이터가 손실될 수 있습니다.
c:\users\ese2016\dropbox\공부\1학년_2학기\전공\c언어\visual_code\2016_11_22_문제\소스.cpp(118): warning C4244: '=': 'double'에서 'float'(으)로 변환하면서 데이터가 손실될 수 있습니다.
c:\users\ese2016\dropbox\공부\1학년_2학기\전공\c언어\visual_code\2016_11_22_문제\소스.cpp(125): warning C4244: '=': 'double'에서 'float'(으)로 변환하면서 데이터가 손실될 수 있습니다.
c:\users\ese2016\dropbox\공부\1학년_2학기\전공\c언어\visual_code\2016_11_22_문제\소스.cpp(126): warning C4244: '=': 'double'에서 'float'(으)로 변환하면서 데이터가 손실될 수 있습니다.
c:\users\ese2016\dropbox\공부\1학년_2학기\전공\c언어\visual_code\2016_11_22_문제\소스.cpp(128): warning C4244: '=': 'double'에서 'float'(으)로 변환하면서 데이터가 손실될 수 있습니다.
c:\users\ese2016\dropbox\공부\1학년_2학기\전공\c언어\visual_code\2016_11_22_문제\소스.cpp(129): warning C4244: '=': 'double'에서 'float'(으)로 변환하면서 데이터가 손실될 수 있습니다.
c:\users\ese2016\dropbox\공부\1학년_2학기\전공\c언어\visual_code\2016_11_22_문제\소스.cpp(136): warning C4244: '=': 'double'에서 'float'(으)로 변환하면서 데이터가 손실될 수 있습니다.
c:\users\ese2016\dropbox\공부\1학년_2학기\전공\c언어\visual_code\2016_11_22_문제\소스.cpp(138): warning C4244: '=': 'double'에서 'float'(으)로 변환하면서 데이터가 손실될 수 있습니다.
c:\users\ese2016\dropbox\공부\1학년_2학기\전공\c언어\visual_code\2016_11_22_문제\소스.cpp(139): warning C4244: '=': 'double'에서 'float'(으)로 변환하면서 데이터가 손실될 수 있습니다.
c:\users\ese2016\dropbox\공부\1학년_2학기\전공\c언어\visual_code\2016_11_22_문제\소스.cpp(146): warning C4244: '=': 'double'에서 'float'(으)로 변환하면서 데이터가 손실될 수 있습니다.
c:\users\ese2016\dropbox\공부\1학년_2학기\전공\c언어\visual_code\2016_11_22_문제\소스.cpp(147): warning C4244: '=': 'double'에서 'float'(으)로 변환하면서 데이터가 손실될 수 있습니다.
c:\users\ese2016\dropbox\공부\1학년_2학기\전공\c언어\visual_code\2016_11_22_문제\소스.cpp(149): warning C4244: '=': 'double'에서 'float'(으)로 변환하면서 데이터가 손실될 수 있습니다.
c:\users\ese2016\dropbox\공부\1학년_2학기\전공\c언어\visual_code\2016_11_22_문제\소스.cpp(150): warning C4244: '=': 'double'에서 'float'(으)로 변환하면서 데이터가 손실될 수 있습니다.
c:\users\ese2016\dropbox\공부\1학년_2학기\전공\c언어\visual_code\2016_11_22_문제\소스.cpp(151): warning C4244: '=': 'double'에서 'float'(으)로 변환하면서 데이터가 손실될 수 있습니다.
c:\users\ese2016\dropbox\공부\1학년_2학기\전공\c언어\visual_code\2016_11_22_문제\소스.cpp(158): warning C4244: '=': 'double'에서 'float'(으)로 변환하면서 데이터가 손실될 수 있습니다.
c:\users\ese2016\dropbox\공부\1학년_2학기\전공\c언어\visual_code\2016_11_22_문제\소스.cpp(160): warning C4244: '=': 'double'에서 'float'(으)로 변환하면서 데이터가 손실될 수 있습니다.
c:\users\ese2016\dropbox\공부\1학년_2학기\전공\c언어\visual_code\2016_11_22_문제\소스.cpp(161): warning C4244: '=': 'double'에서 'float'(으)로 변환하면서 데이터가 손실될 수 있습니다.
c:\users\ese2016\dropbox\공부\1학년_2학기\전공\c언어\visual_code\2016_11_22_문제\소스.cpp(162): warning C4244: '=': 'double'에서 'float'(으)로 변환하면서 데이터가 손실될 수 있습니다.
c:\users\ese2016\dropbox\공부\1학년_2학기\전공\c언어\visual_code\2016_11_22_문제\소스.cpp(180): warning C4244: '=': 'double'에서 'float'(으)로 변환하면서 데이터가 손실될 수 있습니다.
c:\users\ese2016\dropbox\공부\1학년_2학기\전공\c언어\visual_code\2016_11_22_문제\소스.cpp(181): warning C4244: '=': 'double'에서 'float'(으)로 변환하면서 데이터가 손실될 수 있습니다.
c:\users\ese2016\dropbox\공부\1학년_2학기\전공\c언어\visual_code\2016_11_22_문제\소스.cpp(182): warning C4244: '=': 'double'에서 'float'(으)로 변환하면서 데이터가 손실될 수 있습니다.
c:\users\ese2016\dropbox\공부\1학년_2학기\전공\c언어\visual_code\2016_11_22_문제\소스.cpp(184): warning C4244: '=': 'double'에서 'float'(으)로 변환하면서 데이터가 손실될 수 있습니다.
c:\users\ese2016\dropbox\공부\1학년_2학기\전공\c언어\visual_code\2016_11_22_문제\소스.cpp(191): warning C4244: '=': 'double'에서 'float'(으)로 변환하면서 데이터가 손실될 수 있습니다.
c:\users\ese2016\dropbox\공부\1학년_2학기\전공\c언어\visual_code\2016_11_22_문제\소스.cpp(192): warning C4244: '=': 'double'에서 'float'(으)로 변환하면서 데이터가 손실될 수 있습니다.
c:\users\ese2016\dropbox\공부\1학년_2학기\전공\c언어\visual_code\2016_11_22_문제\소스.cpp(193): warning C4244: '=': 'double'에서 'float'(으)로 변환하면서 데이터가 손실될 수 있습니다.
c:\users\ese2016\dropbox\공부\1학년_2학기\전공\c언어\visual_code\2016_11_22_문제\소스.cpp(195): warning C4244: '=': 'double'에서 'float'(으)로 변환하면서 데이터가 손실될 수 있습니다.
c:\users\ese2016\dropbox\공부\1학년_2학기\전공\c언어\visual_code\2016_11_22_문제\소스.cpp(202): warning C4244: '=': 'double'에서 'float'(으)로 변환하면서 데이터가 손실될 수 있습니다.
c:\users\ese2016\dropbox\공부\1학년_2학기\전공\c언어\visual_code\2016_11_22_문제\소스.cpp(204): warning C4244: '=': 'double'에서 'float'(으)로 변환하면서 데이터가 손실될 수 있습니다.
c:\users\ese2016\dropbox\공부\1학년_2학기\전공\c언어\visual_code\2016_11_22_문제\소스.cpp(211): warning C4244: '=': 'double'에서 'float'(으)로 변환하면서 데이터가 손실될 수 있습니다.
c:\users\ese2016\dropbox\공부\1학년_2학기\전공\c언어\visual_code\2016_11_22_문제\소스.cpp(213): warning C4244: '=': 'double'에서 'float'(으)로 변환하면서 데이터가 손실될 수 있습니다.
c:\users\ese2016\dropbox\공부\1학년_2학기\전공\c언어\visual_code\2016_11_22_문제\소스.cpp(220): warning C4244: '=': 'double'에서 'float'(으)로 변환하면서 데이터가 손실될 수 있습니다.
c:\users\ese2016\dropbox\공부\1학년_2학기\전공\c언어\visual_code\2016_11_22_문제\소스.cpp(221): warning C4244: '=': 'double'에서 'float'(으)로 변환하면서 데이터가 손실될 수 있습니다.
c:\users\ese2016\dropbox\공부\1학년_2학기\전공\c언어\visual_code\2016_11_22_문제\소스.cpp(223): warning C4244: '=': 'double'에서 'float'(으)로 변환하면서 데이터가 손실될 수 있습니다.
c:\users\ese2016\dropbox\공부\1학년_2학기\전공\c언어\visual_code\2016_11_22_문제\소스.cpp(224): warning C4244: '=': 'double'에서 'float'(으)로 변환하면서 데이터가 손실될 수 있습니다.
c:\users\ese2016\dropbox\공부\1학년_2학기\전공\c언어\visual_code\2016_11_22_문제\소스.cpp(231): warning C4244: '=': 'double'에서 'float'(으)로 변환하면서 데이터가 손실될 수 있습니다.
c:\users\ese2016\dropbox\공부\1학년_2학기\전공\c언어\visual_code\2016_11_22_문제\소스.cpp(233): warning C4244: '=': 'double'에서 'float'(으)로 변환하면서 데이터가 손실될 수 있습니다.
c:\users\ese2016\dropbox\공부\1학년_2학기\전공\c언어\visual_code\2016_11_22_문제\소스.cpp(234): warning C4244: '=': 'double'에서 'float'(으)로 변환하면서 데이터가 손실될 수 있습니다.
c:\users\ese2016\dropbox\공부\1학년_2학기\전공\c언어\visual_code\2016_11_22_문제\소스.cpp(241): warning C4244: '=': 'double'에서 'float'(으)로 변환하면서 데이터가 손실될 수 있습니다.
c:\users\ese2016\dropbox\공부\1학년_2학기\전공\c언어\visual_code\2016_11_22_문제\소스.cpp(242): warning C4244: '=': 'double'에서 'float'(으)로 변환하면서 데이터가 손실될 수 있습니다.
c:\users\ese2016\dropbox\공부\1학년_2학기\전공\c언어\visual_code\2016_11_22_문제\소스.cpp(244): warning C4244: '=': 'double'에서 'float'(으)로 변환하면서 데이터가 손실될 수 있습니다.
c:\users\ese2016\dropbox\공부\1학년_2학기\전공\c언어\visual_code\2016_11_22_문제\소스.cpp(245): warning C4244: '=': 'double'에서 'float'(으)로 변환하면서 데이터가 손실될 수 있습니다.
c:\users\ese2016\dropbox\공부\1학년_2학기\전공\c언어\visual_code\2016_11_22_문제\소스.cpp(246): warning C4244: '=': 'double'에서 'float'(으)로 변환하면서 데이터가 손실될 수 있습니다.
c:\users\ese2016\dropbox\공부\1학년_2학기\전공\c언어\visual_code\2016_11_22_문제\소스.cpp(253): warning C4244: '=': 'double'에서 'float'(으)로 변환하면서 데이터가 손실될 수 있습니다.
c:\users\ese2016\dropbox\공부\1학년_2학기\전공\c언어\visual_code\2016_11_22_문제\소스.cpp(255): warning C4244: '=': 'double'에서 'float'(으)로 변환하면서 데이터가 손실될 수 있습니다.
c:\users\ese2016\dropbox\공부\1학년_2학기\전공\c언어\visual_code\2016_11_22_문제\소스.cpp(256): warning C4244: '=': 'double'에서 'float'(으)로 변환하면서 데이터가 손실될 수 있습니다.
c:\users\ese2016\dropbox\공부\1학년_2학기\전공\c언어\visual_code\2016_11_22_문제\소스.cpp(257): warning C4244: '=': 'double'에서 'float'(으)로 변환하면서 데이터가 손실될 수 있습니다.
c:\users\ese2016\dropbox\공부\1학년_2학기\전공\c언어\visual_code\2016_11_22_문제\소스.cpp(268): warning C4244: '=': 'double'에서 'float'(으)로 변환하면서 데이터가 손실될 수 있습니다.
c:\users\ese2016\dropbox\공부\1학년_2학기\전공\c언어\visual_code\2016_11_22_문제\소스.cpp(269): warning C4244: '=': 'double'에서 'float'(으)로 변환하면서 데이터가 손실될 수 있습니다.
c:\users\ese2016\dropbox\공부\1학년_2학기\전공\c언어\visual_code\2016_11_22_문제\소스.cpp(270): warning C4244: '=': 'double'에서 'float'(으)로 변환하면서 데이터가 손실될 수 있습니다.
c:\users\ese2016\dropbox\공부\1학년_2학기\전공\c언어\visual_code\2016_11_22_문제\소스.cpp(272): warning C4244: '=': 'double'에서 'float'(으)로 변환하면서 데이터가 손실될 수 있습니다.
c:\users\ese2016\dropbox\공부\1학년_2학기\전공\c언어\visual_code\2016_11_22_문제\소스.cpp(279): warning C4244: '=': 'double'에서 'float'(으)로 변환하면서 데이터가 손실될 수 있습니다.
c:\users\ese2016\dropbox\공부\1학년_2학기\전공\c언어\visual_code\2016_11_22_문제\소스.cpp(280): warning C4244: '=': 'double'에서 'float'(으)로 변환하면서 데이터가 손실될 수 있습니다.
c:\users\ese2016\dropbox\공부\1학년_2학기\전공\c언어\visual_code\2016_11_22_문제\소스.cpp(281): warning C4244: '=': 'double'에서 'float'(으)로 변환하면서 데이터가 손실될 수 있습니다.
c:\users\ese2016\dropbox\공부\1학년_2학기\전공\c언어\visual_code\2016_11_22_문제\소스.cpp(283): warning C4244: '=': 'double'에서 'float'(으)로 변환하면서 데이터가 손실될 수 있습니다.
c:\users\ese2016\dropbox\공부\1학년_2학기\전공\c언어\visual_code\2016_11_22_문제\소스.cpp(290): warning C4244: '=': 'double'에서 'float'(으)로 변환하면서 데이터가 손실될 수 있습니다.
c:\users\ese2016\dropbox\공부\1학년_2학기\전공\c언어\visual_code\2016_11_22_문제\소스.cpp(292): warning C4244: '=': 'double'에서 'float'(으)로 변환하면서 데이터가 손실될 수 있습니다.
c:\users\ese2016\dropbox\공부\1학년_2학기\전공\c언어\visual_code\2016_11_22_문제\소스.cpp(299): warning C4244: '=': 'double'에서 'float'(으)로 변환하면서 데이터가 손실될 수 있습니다.
c:\users\ese2016\dropbox\공부\1학년_2학기\전공\c언어\visual_code\2016_11_22_문제\소스.cpp(301): warning C4244: '=': 'double'에서 'float'(으)로 변환하면서 데이터가 손실될 수 있습니다.
c:\users\ese2016\dropbox\공부\1학년_2학기\전공\c언어\visual_code\2016_11_22_문제\소스.cpp(308): warning C4244: '=': 'double'에서 'float'(으)로 변환하면서 데이터가 손실될 수 있습니다.
c:\users\ese2016\dropbox\공부\1학년_2학기\전공\c언어\visual_code\2016_11_22_문제\소스.cpp(309): warning C4244: '=': 'double'에서 'float'(으)로 변환하면서 데이터가 손실될 수 있습니다.
c:\users\ese2016\dropbox\공부\1학년_2학기\전공\c언어\visual_code\2016_11_22_문제\소스.cpp(311): warning C4244: '=': 'double'에서 'float'(으)로 변환하면서 데이터가 손실될 수 있습니다.
c:\users\ese2016\dropbox\공부\1학년_2학기\전공\c언어\visual_code\2016_11_22_문제\소스.cpp(312): warning C4244: '=': 'double'에서 'float'(으)로 변환하면서 데이터가 손실될 수 있습니다.
c:\users\ese2016\dropbox\공부\1학년_2학기\전공\c언어\visual_code\2016_11_22_문제\소스.cpp(319): warning C4244: '=': 'double'에서 'float'(으)로 변환하면서 데이터가 손실될 수 있습니다.
c:\users\ese2016\dropbox\공부\1학년_2학기\전공\c언어\visual_code\2016_11_22_문제\소스.cpp(321): warning C4244: '=': 'double'에서 'float'(으)로 변환하면서 데이터가 손실될 수 있습니다.
c:\users\ese2016\dropbox\공부\1학년_2학기\전공\c언어\visual_code\2016_11_22_문제\소스.cpp(322): warning C4244: '=': 'double'에서 'float'(으)로 변환하면서 데이터가 손실될 수 있습니다.
c:\users\ese2016\dropbox\공부\1학년_2학기\전공\c언어\visual_code\2016_11_22_문제\소스.cpp(329): warning C4244: '=': 'double'에서 'float'(으)로 변환하면서 데이터가 손실될 수 있습니다.
c:\users\ese2016\dropbox\공부\1학년_2학기\전공\c언어\visual_code\2016_11_22_문제\소스.cpp(330): warning C4244: '=': 'double'에서 'float'(으)로 변환하면서 데이터가 손실될 수 있습니다.
c:\users\ese2016\dropbox\공부\1학년_2학기\전공\c언어\visual_code\2016_11_22_문제\소스.cpp(332): warning C4244: '=': 'double'에서 'float'(으)로 변환하면서 데이터가 손실될 수 있습니다.
c:\users\ese2016\dropbox\공부\1학년_2학기\전공\c언어\visual_code\2016_11_22_문제\소스.cpp(333): warning C4244: '=': 'double'에서 'float'(으)로 변환하면서 데이터가 손실될 수 있습니다.
c:\users\ese2016\dropbox\공부\1학년_2학기\전공\c언어\visual_code\2016_11_22_문제\소스.cpp(334): warning C4244: '=': 'double'에서 'float'(으)로 변환하면서 데이터가 손실될 수 있습니다.
c:\users\ese2016\dropbox\공부\1학년_2학기\전공\c언어\visual_code\2016_11_22_문제\소스.cpp(341): warning C4244: '=': 'double'에서 'float'(으)로 변환하면서 데이터가 손실될 수 있습니다.
c:\users\ese2016\dropbox\공부\1학년_2학기\전공\c언어\visual_code\2016_11_22_문제\소스.cpp(343): warning C4244: '=': 'double'에서 'float'(으)로 변환하면서 데이터가 손실될 수 있습니다.
c:\users\ese2016\dropbox\공부\1학년_2학기\전공\c언어\visual_code\2016_11_22_문제\소스.cpp(344): warning C4244: '=': 'double'에서 'float'(으)로 변환하면서 데이터가 손실될 수 있습니다.
c:\users\ese2016\dropbox\공부\1학년_2학기\전공\c언어\visual_code\2016_11_22_문제\소스.cpp(345): warning C4244: '=': 'double'에서 'float'(으)로 변환하면서 데이터가 손실될 수 있습니다.
c:\users\ese2016\dropbox\공부\1학년_2학기\전공\c언어\visual_code\2016_11_22_문제\소스.cpp(356): warning C4244: '=': 'double'에서 'float'(으)로 변환하면서 데이터가 손실될 수 있습니다.
c:\users\ese2016\dropbox\공부\1학년_2학기\전공\c언어\visual_code\2016_11_22_문제\소스.cpp(357): warning C4244: '=': 'double'에서 'float'(으)로 변환하면서 데이터가 손실될 수 있습니다.
c:\users\ese2016\dropbox\공부\1학년_2학기\전공\c언어\visual_code\2016_11_22_문제\소스.cpp(358): warning C4244: '=': 'double'에서 'float'(으)로 변환하면서 데이터가 손실될 수 있습니다.
c:\users\ese2016\dropbox\공부\1학년_2학기\전공\c언어\visual_code\2016_11_22_문제\소스.cpp(360): warning C4244: '=': 'double'에서 'float'(으)로 변환하면서 데이터가 손실될 수 있습니다.
c:\users\ese2016\dropbox\공부\1학년_2학기\전공\c언어\visual_code\2016_11_22_문제\소스.cpp(367): warning C4244: '=': 'double'에서 'float'(으)로 변환하면서 데이터가 손실될 수 있습니다.
c:\users\ese2016\dropbox\공부\1학년_2학기\전공\c언어\visual_code\2016_11_22_문제\소스.cpp(368): warning C4244: '=': 'double'에서 'float'(으)로 변환하면서 데이터가 손실될 수 있습니다.
c:\users\ese2016\dropbox\공부\1학년_2학기\전공\c언어\visual_code\2016_11_22_문제\소스.cpp(369): warning C4244: '=': 'double'에서 'float'(으)로 변환하면서 데이터가 손실될 수 있습니다.
c:\users\ese2016\dropbox\공부\1학년_2학기\전공\c언어\visual_code\2016_11_22_문제\소스.cpp(371): warning C4244: '=': 'double'에서 'float'(으)로 변환하면서 데이터가 손실될 수 있습니다.
c:\users\ese2016\dropbox\공부\1학년_2학기\전공\c언어\visual_code\2016_11_22_문제\소스.cpp(378): warning C4244: '=': 'double'에서 'float'(으)로 변환하면서 데이터가 손실될 수 있습니다.
c:\users\ese2016\dropbox\공부\1학년_2학기\전공\c언어\visual_code\2016_11_22_문제\소스.cpp(380): warning C4244: '=': 'double'에서 'float'(으)로 변환하면서 데이터가 손실될 수 있습니다.
c:\users\ese2016\dropbox\공부\1학년_2학기\전공\c언어\visual_code\2016_11_22_문제\소스.cpp(387): warning C4244: '=': 'double'에서 'float'(으)로 변환하면서 데이터가 손실될 수 있습니다.
c:\users\ese2016\dropbox\공부\1학년_2학기\전공\c언어\visual_code\2016_11_22_문제\소스.cpp(389): warning C4244: '=': 'double'에서 'float'(으)로 변환하면서 데이터가 손실될 수 있습니다.
c:\users\ese2016\dropbox\공부\1학년_2학기\전공\c언어\visual_code\2016_11_22_문제\소스.cpp(396): warning C4244: '=': 'double'에서 'float'(으)로 변환하면서 데이터가 손실될 수 있습니다.
c:\users\ese2016\dropbox\공부\1학년_2학기\전공\c언어\visual_code\2016_11_22_문제\소스.cpp(397): warning C4244: '=': 'double'에서 'float'(으)로 변환하면서 데이터가 손실될 수 있습니다.
c:\users\ese2016\dropbox\공부\1학년_2학기\전공\c언어\visual_code\2016_11_22_문제\소스.cpp(399): warning C4244: '=': 'double'에서 'float'(으)로 변환하면서 데이터가 손실될 수 있습니다.
c:\users\ese2016\dropbox\공부\1학년_2학기\전공\c언어\visual_code\2016_11_22_문제\소스.cpp(400): warning C4244: '=': 'double'에서 'float'(으)로 변환하면서 데이터가 손실될 수 있습니다.
c:\users\ese2016\dropbox\공부\1학년_2학기\전공\c언어\visual_code\2016_11_22_문제\소스.cpp(407): warning C4244: '=': 'double'에서 'float'(으)로 변환하면서 데이터가 손실될 수 있습니다.
c:\users\ese2016\dropbox\공부\1학년_2학기\전공\c언어\visual_code\2016_11_22_문제\소스.cpp(409): warning C4244: '=': 'double'에서 'float'(으)로 변환하면서 데이터가 손실될 수 있습니다.
c:\users\ese2016\dropbox\공부\1학년_2학기\전공\c언어\visual_code\2016_11_22_문제\소스.cpp(410): warning C4244: '=': 'double'에서 'float'(으)로 변환하면서 데이터가 손실될 수 있습니다.
c:\users\ese2016\dropbox\공부\1학년_2학기\전공\c언어\visual_code\2016_11_22_문제\소스.cpp(417): warning C4244: '=': 'double'에서 'float'(으)로 변환하면서 데이터가 손실될 수 있습니다.
c:\users\ese2016\dropbox\공부\1학년_2학기\전공\c언어\visual_code\2016_11_22_문제\소스.cpp(418): warning C4244: '=': 'double'에서 'float'(으)로 변환하면서 데이터가 손실될 수 있습니다.
c:\users\ese2016\dropbox\공부\1학년_2학기\전공\c언어\visual_code\2016_11_22_문제\소스.cpp(420): warning C4244: '=': 'double'에서 'float'(으)로 변환하면서 데이터가 손실될 수 있습니다.
c:\users\ese2016\dropbox\공부\1학년_2학기\전공\c언어\visual_code\2016_11_22_문제\소스.cpp(421): warning C4244: '=': 'double'에서 'float'(으)로 변환하면서 데이터가 손실될 수 있습니다.
c:\users\ese2016\dropbox\공부\1학년_2학기\전공\c언어\visual_code\2016_11_22_문제\소스.cpp(422): warning C4244: '=': 'double'에서 'float'(으)로 변환하면서 데이터가 손실될 수 있습니다.
c:\users\ese2016\dropbox\공부\1학년_2학기\전공\c언어\visual_code\2016_11_22_문제\소스.cpp(429): warning C4244: '=': 'double'에서 'float'(으)로 변환하면서 데이터가 손실될 수 있습니다.
c:\users\ese2016\dropbox\공부\1학년_2학기\전공\c언어\visual_code\2016_11_22_문제\소스.cpp(431): warning C4244: '=': 'double'에서 'float'(으)로 변환하면서 데이터가 손실될 수 있습니다.
c:\users\ese2016\dropbox\공부\1학년_2학기\전공\c언어\visual_code\2016_11_22_문제\소스.cpp(432): warning C4244: '=': 'double'에서 'float'(으)로 변환하면서 데이터가 손실될 수 있습니다.
c:\users\ese2016\dropbox\공부\1학년_2학기\전공\c언어\visual_code\2016_11_22_문제\소스.cpp(433): warning C4244: '=': 'double'에서 'float'(으)로 변환하면서 데이터가 손실될 수 있습니다.
c:\users\ese2016\dropbox\공부\1학년_2학기\전공\c언어\visual_code\2016_11_22_문제\소스.cpp(70): warning C4996: 'fopen': This function or variable may be unsafe. Consider using fopen_s instead. To disable deprecation, use _CRT_SECURE_NO_WARNINGS. See online help for details.
  c:\program files (x86)\windows kits\10\include\10.0.10240.0\ucrt\stdio.h(205): note: 'fopen' 선언을 참조하십시오.
c:\users\ese2016\dropbox\공부\1학년_2학기\전공\c언어\visual_code\2016_11_22_문제\소스.cpp(51): warning C4101: 'div' :참조되지 않은 지역 변수입니다.
c:\users\ese2016\dropbox\공부\1학년_2학기\전공\c언어\visual_code\2016_11_22_문제\소스.cpp(43): warning C4101: 'signal4' :참조되지 않은 지역 변수입니다.
c:\users\ese2016\dropbox\공부\1학년_2학기\전공\c언어\visual_code\2016_11_22_문제\소스.cpp(48): warning C4101: 'signal8' :참조되지 않은 지역 변수입니다.
  2016_11_22_문제.vcxproj -> C:\Users\ese2016\Dropbox\공부\1학년_2학기\전공\C언어\Visual_Code\2016_11_22_문제\Debug\2016_11_22_문제.exe
  2016_11_22_문제.vcxproj -> C:\Users\ese2016\Dropbox\공부\1학년_2학기\전공\C언어\Visual_Code\2016_11_22_문제\Debug\2016_11_22_문제.pdb (Full PDB)
