  소스.cpp
c:\users\ese2016\dropbox\공부\1학년_2학기\전공\c언어\visual_code\고향은\고향은\소스.cpp(57): warning C4244: '=': 'double'에서 'float'(으)로 변환하면서 데이터가 손실될 수 있습니다.
c:\users\ese2016\dropbox\공부\1학년_2학기\전공\c언어\visual_code\고향은\고향은\소스.cpp(58): warning C4244: '=': 'double'에서 'float'(으)로 변환하면서 데이터가 손실될 수 있습니다.
c:\users\ese2016\dropbox\공부\1학년_2학기\전공\c언어\visual_code\고향은\고향은\소스.cpp(59): warning C4244: '=': 'double'에서 'float'(으)로 변환하면서 데이터가 손실될 수 있습니다.
c:\users\ese2016\dropbox\공부\1학년_2학기\전공\c언어\visual_code\고향은\고향은\소스.cpp(60): warning C4244: '=': 'double'에서 'float'(으)로 변환하면서 데이터가 손실될 수 있습니다.
c:\users\ese2016\dropbox\공부\1학년_2학기\전공\c언어\visual_code\고향은\고향은\소스.cpp(64): warning C4244: '=': 'double'에서 'float'(으)로 변환하면서 데이터가 손실될 수 있습니다.
c:\users\ese2016\dropbox\공부\1학년_2학기\전공\c언어\visual_code\고향은\고향은\소스.cpp(65): warning C4244: '=': 'double'에서 'float'(으)로 변환하면서 데이터가 손실될 수 있습니다.
c:\users\ese2016\dropbox\공부\1학년_2학기\전공\c언어\visual_code\고향은\고향은\소스.cpp(69): warning C4244: '=': 'double'에서 'float'(으)로 변환하면서 데이터가 손실될 수 있습니다.
c:\users\ese2016\dropbox\공부\1학년_2학기\전공\c언어\visual_code\고향은\고향은\소스.cpp(70): warning C4244: '=': 'double'에서 'float'(으)로 변환하면서 데이터가 손실될 수 있습니다.
c:\users\ese2016\dropbox\공부\1학년_2학기\전공\c언어\visual_code\고향은\고향은\소스.cpp(71): warning C4244: '=': 'double'에서 'float'(으)로 변환하면서 데이터가 손실될 수 있습니다.
c:\users\ese2016\dropbox\공부\1학년_2학기\전공\c언어\visual_code\고향은\고향은\소스.cpp(72): warning C4244: '=': 'double'에서 'float'(으)로 변환하면서 데이터가 손실될 수 있습니다.
c:\users\ese2016\dropbox\공부\1학년_2학기\전공\c언어\visual_code\고향은\고향은\소스.cpp(76): warning C4244: '=': 'double'에서 'float'(으)로 변환하면서 데이터가 손실될 수 있습니다.
c:\users\ese2016\dropbox\공부\1학년_2학기\전공\c언어\visual_code\고향은\고향은\소스.cpp(77): warning C4244: '=': 'double'에서 'float'(으)로 변환하면서 데이터가 손실될 수 있습니다.
c:\users\ese2016\dropbox\공부\1학년_2학기\전공\c언어\visual_code\고향은\고향은\소스.cpp(81): warning C4244: '=': 'double'에서 'float'(으)로 변환하면서 데이터가 손실될 수 있습니다.
c:\users\ese2016\dropbox\공부\1학년_2학기\전공\c언어\visual_code\고향은\고향은\소스.cpp(82): warning C4244: '=': 'double'에서 'float'(으)로 변환하면서 데이터가 손실될 수 있습니다.
c:\users\ese2016\dropbox\공부\1학년_2학기\전공\c언어\visual_code\고향은\고향은\소스.cpp(83): warning C4244: '=': 'double'에서 'float'(으)로 변환하면서 데이터가 손실될 수 있습니다.
c:\users\ese2016\dropbox\공부\1학년_2학기\전공\c언어\visual_code\고향은\고향은\소스.cpp(84): warning C4244: '=': 'double'에서 'float'(으)로 변환하면서 데이터가 손실될 수 있습니다.
c:\users\ese2016\dropbox\공부\1학년_2학기\전공\c언어\visual_code\고향은\고향은\소스.cpp(88): warning C4244: '=': 'double'에서 'float'(으)로 변환하면서 데이터가 손실될 수 있습니다.
c:\users\ese2016\dropbox\공부\1학년_2학기\전공\c언어\visual_code\고향은\고향은\소스.cpp(89): warning C4244: '=': 'double'에서 'float'(으)로 변환하면서 데이터가 손실될 수 있습니다.
c:\users\ese2016\dropbox\공부\1학년_2학기\전공\c언어\visual_code\고향은\고향은\소스.cpp(90): warning C4244: '=': 'double'에서 'float'(으)로 변환하면서 데이터가 손실될 수 있습니다.
c:\users\ese2016\dropbox\공부\1학년_2학기\전공\c언어\visual_code\고향은\고향은\소스.cpp(91): warning C4244: '=': 'double'에서 'float'(으)로 변환하면서 데이터가 손실될 수 있습니다.
c:\users\ese2016\dropbox\공부\1학년_2학기\전공\c언어\visual_code\고향은\고향은\소스.cpp(95): warning C4244: '=': 'double'에서 'float'(으)로 변환하면서 데이터가 손실될 수 있습니다.
c:\users\ese2016\dropbox\공부\1학년_2학기\전공\c언어\visual_code\고향은\고향은\소스.cpp(96): warning C4244: '=': 'double'에서 'float'(으)로 변환하면서 데이터가 손실될 수 있습니다.
c:\users\ese2016\dropbox\공부\1학년_2학기\전공\c언어\visual_code\고향은\고향은\소스.cpp(97): warning C4244: '=': 'double'에서 'float'(으)로 변환하면서 데이터가 손실될 수 있습니다.
c:\users\ese2016\dropbox\공부\1학년_2학기\전공\c언어\visual_code\고향은\고향은\소스.cpp(98): warning C4244: '=': 'double'에서 'float'(으)로 변환하면서 데이터가 손실될 수 있습니다.
c:\users\ese2016\dropbox\공부\1학년_2학기\전공\c언어\visual_code\고향은\고향은\소스.cpp(102): warning C4244: '=': 'double'에서 'float'(으)로 변환하면서 데이터가 손실될 수 있습니다.
c:\users\ese2016\dropbox\공부\1학년_2학기\전공\c언어\visual_code\고향은\고향은\소스.cpp(103): warning C4244: '=': 'double'에서 'float'(으)로 변환하면서 데이터가 손실될 수 있습니다.
c:\users\ese2016\dropbox\공부\1학년_2학기\전공\c언어\visual_code\고향은\고향은\소스.cpp(108): warning C4244: '=': 'double'에서 'float'(으)로 변환하면서 데이터가 손실될 수 있습니다.
c:\users\ese2016\dropbox\공부\1학년_2학기\전공\c언어\visual_code\고향은\고향은\소스.cpp(109): warning C4244: '=': 'double'에서 'float'(으)로 변환하면서 데이터가 손실될 수 있습니다.
c:\users\ese2016\dropbox\공부\1학년_2학기\전공\c언어\visual_code\고향은\고향은\소스.cpp(110): warning C4244: '=': 'double'에서 'float'(으)로 변환하면서 데이터가 손실될 수 있습니다.
c:\users\ese2016\dropbox\공부\1학년_2학기\전공\c언어\visual_code\고향은\고향은\소스.cpp(111): warning C4244: '=': 'double'에서 'float'(으)로 변환하면서 데이터가 손실될 수 있습니다.
c:\users\ese2016\dropbox\공부\1학년_2학기\전공\c언어\visual_code\고향은\고향은\소스.cpp(116): warning C4244: '=': 'double'에서 'float'(으)로 변환하면서 데이터가 손실될 수 있습니다.
c:\users\ese2016\dropbox\공부\1학년_2학기\전공\c언어\visual_code\고향은\고향은\소스.cpp(117): warning C4244: '=': 'double'에서 'float'(으)로 변환하면서 데이터가 손실될 수 있습니다.
c:\users\ese2016\dropbox\공부\1학년_2학기\전공\c언어\visual_code\고향은\고향은\소스.cpp(118): warning C4244: '=': 'double'에서 'float'(으)로 변환하면서 데이터가 손실될 수 있습니다.
c:\users\ese2016\dropbox\공부\1학년_2학기\전공\c언어\visual_code\고향은\고향은\소스.cpp(119): warning C4244: '=': 'double'에서 'float'(으)로 변환하면서 데이터가 손실될 수 있습니다.
c:\users\ese2016\dropbox\공부\1학년_2학기\전공\c언어\visual_code\고향은\고향은\소스.cpp(124): warning C4244: '=': 'double'에서 'float'(으)로 변환하면서 데이터가 손실될 수 있습니다.
c:\users\ese2016\dropbox\공부\1학년_2학기\전공\c언어\visual_code\고향은\고향은\소스.cpp(125): warning C4244: '=': 'double'에서 'float'(으)로 변환하면서 데이터가 손실될 수 있습니다.
c:\users\ese2016\dropbox\공부\1학년_2학기\전공\c언어\visual_code\고향은\고향은\소스.cpp(126): warning C4244: '=': 'double'에서 'float'(으)로 변환하면서 데이터가 손실될 수 있습니다.
c:\users\ese2016\dropbox\공부\1학년_2학기\전공\c언어\visual_code\고향은\고향은\소스.cpp(127): warning C4244: '=': 'double'에서 'float'(으)로 변환하면서 데이터가 손실될 수 있습니다.
c:\users\ese2016\dropbox\공부\1학년_2학기\전공\c언어\visual_code\고향은\고향은\소스.cpp(131): warning C4244: '=': 'double'에서 'float'(으)로 변환하면서 데이터가 손실될 수 있습니다.
c:\users\ese2016\dropbox\공부\1학년_2학기\전공\c언어\visual_code\고향은\고향은\소스.cpp(132): warning C4244: '=': 'double'에서 'float'(으)로 변환하면서 데이터가 손실될 수 있습니다.
c:\users\ese2016\dropbox\공부\1학년_2학기\전공\c언어\visual_code\고향은\고향은\소스.cpp(133): warning C4244: '=': 'double'에서 'float'(으)로 변환하면서 데이터가 손실될 수 있습니다.
c:\users\ese2016\dropbox\공부\1학년_2학기\전공\c언어\visual_code\고향은\고향은\소스.cpp(134): warning C4244: '=': 'double'에서 'float'(으)로 변환하면서 데이터가 손실될 수 있습니다.
c:\users\ese2016\dropbox\공부\1학년_2학기\전공\c언어\visual_code\고향은\고향은\소스.cpp(138): warning C4244: '=': 'double'에서 'float'(으)로 변환하면서 데이터가 손실될 수 있습니다.
c:\users\ese2016\dropbox\공부\1학년_2학기\전공\c언어\visual_code\고향은\고향은\소스.cpp(139): warning C4244: '=': 'double'에서 'float'(으)로 변환하면서 데이터가 손실될 수 있습니다.
c:\users\ese2016\dropbox\공부\1학년_2학기\전공\c언어\visual_code\고향은\고향은\소스.cpp(140): warning C4244: '=': 'double'에서 'float'(으)로 변환하면서 데이터가 손실될 수 있습니다.
c:\users\ese2016\dropbox\공부\1학년_2학기\전공\c언어\visual_code\고향은\고향은\소스.cpp(141): warning C4244: '=': 'double'에서 'float'(으)로 변환하면서 데이터가 손실될 수 있습니다.
c:\users\ese2016\dropbox\공부\1학년_2학기\전공\c언어\visual_code\고향은\고향은\소스.cpp(145): warning C4244: '=': 'double'에서 'float'(으)로 변환하면서 데이터가 손실될 수 있습니다.
c:\users\ese2016\dropbox\공부\1학년_2학기\전공\c언어\visual_code\고향은\고향은\소스.cpp(146): warning C4244: '=': 'double'에서 'float'(으)로 변환하면서 데이터가 손실될 수 있습니다.
c:\users\ese2016\dropbox\공부\1학년_2학기\전공\c언어\visual_code\고향은\고향은\소스.cpp(147): warning C4244: '=': 'double'에서 'float'(으)로 변환하면서 데이터가 손실될 수 있습니다.
c:\users\ese2016\dropbox\공부\1학년_2학기\전공\c언어\visual_code\고향은\고향은\소스.cpp(148): warning C4244: '=': 'double'에서 'float'(으)로 변환하면서 데이터가 손실될 수 있습니다.
c:\users\ese2016\dropbox\공부\1학년_2학기\전공\c언어\visual_code\고향은\고향은\소스.cpp(152): warning C4244: '=': 'double'에서 'float'(으)로 변환하면서 데이터가 손실될 수 있습니다.
c:\users\ese2016\dropbox\공부\1학년_2학기\전공\c언어\visual_code\고향은\고향은\소스.cpp(153): warning C4244: '=': 'double'에서 'float'(으)로 변환하면서 데이터가 손실될 수 있습니다.
c:\users\ese2016\dropbox\공부\1학년_2학기\전공\c언어\visual_code\고향은\고향은\소스.cpp(154): warning C4244: '=': 'double'에서 'float'(으)로 변환하면서 데이터가 손실될 수 있습니다.
c:\users\ese2016\dropbox\공부\1학년_2학기\전공\c언어\visual_code\고향은\고향은\소스.cpp(155): warning C4244: '=': 'double'에서 'float'(으)로 변환하면서 데이터가 손실될 수 있습니다.
c:\users\ese2016\dropbox\공부\1학년_2학기\전공\c언어\visual_code\고향은\고향은\소스.cpp(159): warning C4244: '=': 'double'에서 'float'(으)로 변환하면서 데이터가 손실될 수 있습니다.
c:\users\ese2016\dropbox\공부\1학년_2학기\전공\c언어\visual_code\고향은\고향은\소스.cpp(160): warning C4244: '=': 'double'에서 'float'(으)로 변환하면서 데이터가 손실될 수 있습니다.
c:\users\ese2016\dropbox\공부\1학년_2학기\전공\c언어\visual_code\고향은\고향은\소스.cpp(161): warning C4244: '=': 'double'에서 'float'(으)로 변환하면서 데이터가 손실될 수 있습니다.
c:\users\ese2016\dropbox\공부\1학년_2학기\전공\c언어\visual_code\고향은\고향은\소스.cpp(162): warning C4244: '=': 'double'에서 'float'(으)로 변환하면서 데이터가 손실될 수 있습니다.
c:\users\ese2016\dropbox\공부\1학년_2학기\전공\c언어\visual_code\고향은\고향은\소스.cpp(167): warning C4244: '=': 'double'에서 'float'(으)로 변환하면서 데이터가 손실될 수 있습니다.
c:\users\ese2016\dropbox\공부\1학년_2학기\전공\c언어\visual_code\고향은\고향은\소스.cpp(168): warning C4244: '=': 'double'에서 'float'(으)로 변환하면서 데이터가 손실될 수 있습니다.
c:\users\ese2016\dropbox\공부\1학년_2학기\전공\c언어\visual_code\고향은\고향은\소스.cpp(169): warning C4244: '=': 'double'에서 'float'(으)로 변환하면서 데이터가 손실될 수 있습니다.
c:\users\ese2016\dropbox\공부\1학년_2학기\전공\c언어\visual_code\고향은\고향은\소스.cpp(170): warning C4244: '=': 'double'에서 'float'(으)로 변환하면서 데이터가 손실될 수 있습니다.
c:\users\ese2016\dropbox\공부\1학년_2학기\전공\c언어\visual_code\고향은\고향은\소스.cpp(175): warning C4244: '=': 'double'에서 'float'(으)로 변환하면서 데이터가 손실될 수 있습니다.
c:\users\ese2016\dropbox\공부\1학년_2학기\전공\c언어\visual_code\고향은\고향은\소스.cpp(176): warning C4244: '=': 'double'에서 'float'(으)로 변환하면서 데이터가 손실될 수 있습니다.
c:\users\ese2016\dropbox\공부\1학년_2학기\전공\c언어\visual_code\고향은\고향은\소스.cpp(177): warning C4244: '=': 'double'에서 'float'(으)로 변환하면서 데이터가 손실될 수 있습니다.
c:\users\ese2016\dropbox\공부\1학년_2학기\전공\c언어\visual_code\고향은\고향은\소스.cpp(178): warning C4244: '=': 'double'에서 'float'(으)로 변환하면서 데이터가 손실될 수 있습니다.
c:\users\ese2016\dropbox\공부\1학년_2학기\전공\c언어\visual_code\고향은\고향은\소스.cpp(183): warning C4244: '=': 'double'에서 'float'(으)로 변환하면서 데이터가 손실될 수 있습니다.
c:\users\ese2016\dropbox\공부\1학년_2학기\전공\c언어\visual_code\고향은\고향은\소스.cpp(184): warning C4244: '=': 'double'에서 'float'(으)로 변환하면서 데이터가 손실될 수 있습니다.
c:\users\ese2016\dropbox\공부\1학년_2학기\전공\c언어\visual_code\고향은\고향은\소스.cpp(185): warning C4244: '=': 'double'에서 'float'(으)로 변환하면서 데이터가 손실될 수 있습니다.
c:\users\ese2016\dropbox\공부\1학년_2학기\전공\c언어\visual_code\고향은\고향은\소스.cpp(186): warning C4244: '=': 'double'에서 'float'(으)로 변환하면서 데이터가 손실될 수 있습니다.
c:\users\ese2016\dropbox\공부\1학년_2학기\전공\c언어\visual_code\고향은\고향은\소스.cpp(190): warning C4244: '=': 'double'에서 'float'(으)로 변환하면서 데이터가 손실될 수 있습니다.
c:\users\ese2016\dropbox\공부\1학년_2학기\전공\c언어\visual_code\고향은\고향은\소스.cpp(191): warning C4244: '=': 'double'에서 'float'(으)로 변환하면서 데이터가 손실될 수 있습니다.
c:\users\ese2016\dropbox\공부\1학년_2학기\전공\c언어\visual_code\고향은\고향은\소스.cpp(192): warning C4244: '=': 'double'에서 'float'(으)로 변환하면서 데이터가 손실될 수 있습니다.
c:\users\ese2016\dropbox\공부\1학년_2학기\전공\c언어\visual_code\고향은\고향은\소스.cpp(193): warning C4244: '=': 'double'에서 'float'(으)로 변환하면서 데이터가 손실될 수 있습니다.
c:\users\ese2016\dropbox\공부\1학년_2학기\전공\c언어\visual_code\고향은\고향은\소스.cpp(197): warning C4244: '=': 'double'에서 'float'(으)로 변환하면서 데이터가 손실될 수 있습니다.
c:\users\ese2016\dropbox\공부\1학년_2학기\전공\c언어\visual_code\고향은\고향은\소스.cpp(198): warning C4244: '=': 'double'에서 'float'(으)로 변환하면서 데이터가 손실될 수 있습니다.
c:\users\ese2016\dropbox\공부\1학년_2학기\전공\c언어\visual_code\고향은\고향은\소스.cpp(199): warning C4244: '=': 'double'에서 'float'(으)로 변환하면서 데이터가 손실될 수 있습니다.
c:\users\ese2016\dropbox\공부\1학년_2학기\전공\c언어\visual_code\고향은\고향은\소스.cpp(200): warning C4244: '=': 'double'에서 'float'(으)로 변환하면서 데이터가 손실될 수 있습니다.
c:\users\ese2016\dropbox\공부\1학년_2학기\전공\c언어\visual_code\고향은\고향은\소스.cpp(204): warning C4244: '=': 'double'에서 'float'(으)로 변환하면서 데이터가 손실될 수 있습니다.
c:\users\ese2016\dropbox\공부\1학년_2학기\전공\c언어\visual_code\고향은\고향은\소스.cpp(205): warning C4244: '=': 'double'에서 'float'(으)로 변환하면서 데이터가 손실될 수 있습니다.
c:\users\ese2016\dropbox\공부\1학년_2학기\전공\c언어\visual_code\고향은\고향은\소스.cpp(206): warning C4244: '=': 'double'에서 'float'(으)로 변환하면서 데이터가 손실될 수 있습니다.
c:\users\ese2016\dropbox\공부\1학년_2학기\전공\c언어\visual_code\고향은\고향은\소스.cpp(207): warning C4244: '=': 'double'에서 'float'(으)로 변환하면서 데이터가 손실될 수 있습니다.
c:\users\ese2016\dropbox\공부\1학년_2학기\전공\c언어\visual_code\고향은\고향은\소스.cpp(211): warning C4244: '=': 'double'에서 'float'(으)로 변환하면서 데이터가 손실될 수 있습니다.
c:\users\ese2016\dropbox\공부\1학년_2학기\전공\c언어\visual_code\고향은\고향은\소스.cpp(212): warning C4244: '=': 'double'에서 'float'(으)로 변환하면서 데이터가 손실될 수 있습니다.
c:\users\ese2016\dropbox\공부\1학년_2학기\전공\c언어\visual_code\고향은\고향은\소스.cpp(213): warning C4244: '=': 'double'에서 'float'(으)로 변환하면서 데이터가 손실될 수 있습니다.
c:\users\ese2016\dropbox\공부\1학년_2학기\전공\c언어\visual_code\고향은\고향은\소스.cpp(214): warning C4244: '=': 'double'에서 'float'(으)로 변환하면서 데이터가 손실될 수 있습니다.
c:\users\ese2016\dropbox\공부\1학년_2학기\전공\c언어\visual_code\고향은\고향은\소스.cpp(218): warning C4244: '=': 'double'에서 'float'(으)로 변환하면서 데이터가 손실될 수 있습니다.
c:\users\ese2016\dropbox\공부\1학년_2학기\전공\c언어\visual_code\고향은\고향은\소스.cpp(219): warning C4244: '=': 'double'에서 'float'(으)로 변환하면서 데이터가 손실될 수 있습니다.
c:\users\ese2016\dropbox\공부\1학년_2학기\전공\c언어\visual_code\고향은\고향은\소스.cpp(220): warning C4244: '=': 'double'에서 'float'(으)로 변환하면서 데이터가 손실될 수 있습니다.
c:\users\ese2016\dropbox\공부\1학년_2학기\전공\c언어\visual_code\고향은\고향은\소스.cpp(221): warning C4244: '=': 'double'에서 'float'(으)로 변환하면서 데이터가 손실될 수 있습니다.
c:\users\ese2016\dropbox\공부\1학년_2학기\전공\c언어\visual_code\고향은\고향은\소스.cpp(226): warning C4244: '=': 'double'에서 'float'(으)로 변환하면서 데이터가 손실될 수 있습니다.
c:\users\ese2016\dropbox\공부\1학년_2학기\전공\c언어\visual_code\고향은\고향은\소스.cpp(227): warning C4244: '=': 'double'에서 'float'(으)로 변환하면서 데이터가 손실될 수 있습니다.
c:\users\ese2016\dropbox\공부\1학년_2학기\전공\c언어\visual_code\고향은\고향은\소스.cpp(228): warning C4244: '=': 'double'에서 'float'(으)로 변환하면서 데이터가 손실될 수 있습니다.
c:\users\ese2016\dropbox\공부\1학년_2학기\전공\c언어\visual_code\고향은\고향은\소스.cpp(229): warning C4244: '=': 'double'에서 'float'(으)로 변환하면서 데이터가 손실될 수 있습니다.
c:\users\ese2016\dropbox\공부\1학년_2학기\전공\c언어\visual_code\고향은\고향은\소스.cpp(234): warning C4244: '=': 'double'에서 'float'(으)로 변환하면서 데이터가 손실될 수 있습니다.
c:\users\ese2016\dropbox\공부\1학년_2학기\전공\c언어\visual_code\고향은\고향은\소스.cpp(235): warning C4244: '=': 'double'에서 'float'(으)로 변환하면서 데이터가 손실될 수 있습니다.
c:\users\ese2016\dropbox\공부\1학년_2학기\전공\c언어\visual_code\고향은\고향은\소스.cpp(236): warning C4244: '=': 'double'에서 'float'(으)로 변환하면서 데이터가 손실될 수 있습니다.
c:\users\ese2016\dropbox\공부\1학년_2학기\전공\c언어\visual_code\고향은\고향은\소스.cpp(237): warning C4244: '=': 'double'에서 'float'(으)로 변환하면서 데이터가 손실될 수 있습니다.
c:\users\ese2016\dropbox\공부\1학년_2학기\전공\c언어\visual_code\고향은\고향은\소스.cpp(242): warning C4244: '=': 'double'에서 'float'(으)로 변환하면서 데이터가 손실될 수 있습니다.
c:\users\ese2016\dropbox\공부\1학년_2학기\전공\c언어\visual_code\고향은\고향은\소스.cpp(243): warning C4244: '=': 'double'에서 'float'(으)로 변환하면서 데이터가 손실될 수 있습니다.
c:\users\ese2016\dropbox\공부\1학년_2학기\전공\c언어\visual_code\고향은\고향은\소스.cpp(244): warning C4244: '=': 'double'에서 'float'(으)로 변환하면서 데이터가 손실될 수 있습니다.
c:\users\ese2016\dropbox\공부\1학년_2학기\전공\c언어\visual_code\고향은\고향은\소스.cpp(245): warning C4244: '=': 'double'에서 'float'(으)로 변환하면서 데이터가 손실될 수 있습니다.
c:\users\ese2016\dropbox\공부\1학년_2학기\전공\c언어\visual_code\고향은\고향은\소스.cpp(249): warning C4244: '=': 'double'에서 'float'(으)로 변환하면서 데이터가 손실될 수 있습니다.
c:\users\ese2016\dropbox\공부\1학년_2학기\전공\c언어\visual_code\고향은\고향은\소스.cpp(250): warning C4244: '=': 'double'에서 'float'(으)로 변환하면서 데이터가 손실될 수 있습니다.
c:\users\ese2016\dropbox\공부\1학년_2학기\전공\c언어\visual_code\고향은\고향은\소스.cpp(251): warning C4244: '=': 'double'에서 'float'(으)로 변환하면서 데이터가 손실될 수 있습니다.
c:\users\ese2016\dropbox\공부\1학년_2학기\전공\c언어\visual_code\고향은\고향은\소스.cpp(252): warning C4244: '=': 'double'에서 'float'(으)로 변환하면서 데이터가 손실될 수 있습니다.
c:\users\ese2016\dropbox\공부\1학년_2학기\전공\c언어\visual_code\고향은\고향은\소스.cpp(256): warning C4244: '=': 'double'에서 'float'(으)로 변환하면서 데이터가 손실될 수 있습니다.
c:\users\ese2016\dropbox\공부\1학년_2학기\전공\c언어\visual_code\고향은\고향은\소스.cpp(257): warning C4244: '=': 'double'에서 'float'(으)로 변환하면서 데이터가 손실될 수 있습니다.
c:\users\ese2016\dropbox\공부\1학년_2학기\전공\c언어\visual_code\고향은\고향은\소스.cpp(258): warning C4244: '=': 'double'에서 'float'(으)로 변환하면서 데이터가 손실될 수 있습니다.
c:\users\ese2016\dropbox\공부\1학년_2학기\전공\c언어\visual_code\고향은\고향은\소스.cpp(259): warning C4244: '=': 'double'에서 'float'(으)로 변환하면서 데이터가 손실될 수 있습니다.
c:\users\ese2016\dropbox\공부\1학년_2학기\전공\c언어\visual_code\고향은\고향은\소스.cpp(263): warning C4244: '=': 'double'에서 'float'(으)로 변환하면서 데이터가 손실될 수 있습니다.
c:\users\ese2016\dropbox\공부\1학년_2학기\전공\c언어\visual_code\고향은\고향은\소스.cpp(264): warning C4244: '=': 'double'에서 'float'(으)로 변환하면서 데이터가 손실될 수 있습니다.
c:\users\ese2016\dropbox\공부\1학년_2학기\전공\c언어\visual_code\고향은\고향은\소스.cpp(265): warning C4244: '=': 'double'에서 'float'(으)로 변환하면서 데이터가 손실될 수 있습니다.
c:\users\ese2016\dropbox\공부\1학년_2학기\전공\c언어\visual_code\고향은\고향은\소스.cpp(266): warning C4244: '=': 'double'에서 'float'(으)로 변환하면서 데이터가 손실될 수 있습니다.
c:\users\ese2016\dropbox\공부\1학년_2학기\전공\c언어\visual_code\고향은\고향은\소스.cpp(270): warning C4244: '=': 'double'에서 'float'(으)로 변환하면서 데이터가 손실될 수 있습니다.
c:\users\ese2016\dropbox\공부\1학년_2학기\전공\c언어\visual_code\고향은\고향은\소스.cpp(271): warning C4244: '=': 'double'에서 'float'(으)로 변환하면서 데이터가 손실될 수 있습니다.
c:\users\ese2016\dropbox\공부\1학년_2학기\전공\c언어\visual_code\고향은\고향은\소스.cpp(272): warning C4244: '=': 'double'에서 'float'(으)로 변환하면서 데이터가 손실될 수 있습니다.
c:\users\ese2016\dropbox\공부\1학년_2학기\전공\c언어\visual_code\고향은\고향은\소스.cpp(276): warning C4244: '=': 'double'에서 'float'(으)로 변환하면서 데이터가 손실될 수 있습니다.
c:\users\ese2016\dropbox\공부\1학년_2학기\전공\c언어\visual_code\고향은\고향은\소스.cpp(277): warning C4244: '=': 'double'에서 'float'(으)로 변환하면서 데이터가 손실될 수 있습니다.
c:\users\ese2016\dropbox\공부\1학년_2학기\전공\c언어\visual_code\고향은\고향은\소스.cpp(278): warning C4244: '=': 'double'에서 'float'(으)로 변환하면서 데이터가 손실될 수 있습니다.
c:\users\ese2016\dropbox\공부\1학년_2학기\전공\c언어\visual_code\고향은\고향은\소스.cpp(54): warning C4996: 'fopen': This function or variable may be unsafe. Consider using fopen_s instead. To disable deprecation, use _CRT_SECURE_NO_WARNINGS. See online help for details.
  c:\program files (x86)\windows kits\10\include\10.0.10240.0\ucrt\stdio.h(205): note: 'fopen' 선언을 참조하십시오.
c:\users\ese2016\dropbox\공부\1학년_2학기\전공\c언어\visual_code\고향은\고향은\소스.cpp(42): warning C4101: 'k' :참조되지 않은 지역 변수입니다.
c:\users\ese2016\dropbox\공부\1학년_2학기\전공\c언어\visual_code\고향은\고향은\소스.cpp(39): warning C4101: 'fpOut' :참조되지 않은 지역 변수입니다.
  고향은.vcxproj -> C:\Users\ese2016\Dropbox\공부\1학년_2학기\전공\C언어\Visual_Code\고향은\Debug\고향은.exe
  고향은.vcxproj -> C:\Users\ese2016\Dropbox\공부\1학년_2학기\전공\C언어\Visual_Code\고향은\Debug\고향은.pdb (Full PDB)
