  소스.cpp
c:\users\user\dropbox\공부\1학년_2학기\전공\c언어\visual_code\2016_12_04_노래 함수\소스.cpp(110): warning C4996: 'fopen': This function or variable may be unsafe. Consider using fopen_s instead. To disable deprecation, use _CRT_SECURE_NO_WARNINGS. See online help for details.
  c:\program files (x86)\windows kits\10\include\10.0.10240.0\ucrt\stdio.h(205): note: 'fopen' 선언을 참조하십시오.
c:\users\user\dropbox\공부\1학년_2학기\전공\c언어\visual_code\2016_12_04_노래 함수\소스.cpp(183): warning C4244: '=': 'double'에서 'float'(으)로 변환하면서 데이터가 손실될 수 있습니다.
c:\users\user\dropbox\공부\1학년_2학기\전공\c언어\visual_code\2016_12_04_노래 함수\소스.cpp(184): warning C4244: '=': 'double'에서 'float'(으)로 변환하면서 데이터가 손실될 수 있습니다.
c:\users\user\dropbox\공부\1학년_2학기\전공\c언어\visual_code\2016_12_04_노래 함수\소스.cpp(185): warning C4244: '=': 'double'에서 'float'(으)로 변환하면서 데이터가 손실될 수 있습니다.
c:\users\user\dropbox\공부\1학년_2학기\전공\c언어\visual_code\2016_12_04_노래 함수\소스.cpp(186): warning C4244: '=': 'double'에서 'float'(으)로 변환하면서 데이터가 손실될 수 있습니다.
c:\users\user\dropbox\공부\1학년_2학기\전공\c언어\visual_code\2016_12_04_노래 함수\소스.cpp(187): warning C4244: '=': 'double'에서 'float'(으)로 변환하면서 데이터가 손실될 수 있습니다.
c:\users\user\dropbox\공부\1학년_2학기\전공\c언어\visual_code\2016_12_04_노래 함수\소스.cpp(193): warning C4244: '=': 'double'에서 'float'(으)로 변환하면서 데이터가 손실될 수 있습니다.
c:\users\user\dropbox\공부\1학년_2학기\전공\c언어\visual_code\2016_12_04_노래 함수\소스.cpp(194): warning C4244: '=': 'double'에서 'float'(으)로 변환하면서 데이터가 손실될 수 있습니다.
c:\users\user\dropbox\공부\1학년_2학기\전공\c언어\visual_code\2016_12_04_노래 함수\소스.cpp(195): warning C4244: '=': 'double'에서 'float'(으)로 변환하면서 데이터가 손실될 수 있습니다.
c:\users\user\dropbox\공부\1학년_2학기\전공\c언어\visual_code\2016_12_04_노래 함수\소스.cpp(196): warning C4244: '=': 'double'에서 'float'(으)로 변환하면서 데이터가 손실될 수 있습니다.
c:\users\user\dropbox\공부\1학년_2학기\전공\c언어\visual_code\2016_12_04_노래 함수\소스.cpp(197): warning C4244: '=': 'double'에서 'float'(으)로 변환하면서 데이터가 손실될 수 있습니다.
c:\users\user\dropbox\공부\1학년_2학기\전공\c언어\visual_code\2016_12_04_노래 함수\소스.cpp(203): warning C4244: '=': 'double'에서 'float'(으)로 변환하면서 데이터가 손실될 수 있습니다.
c:\users\user\dropbox\공부\1학년_2학기\전공\c언어\visual_code\2016_12_04_노래 함수\소스.cpp(204): warning C4244: '=': 'double'에서 'float'(으)로 변환하면서 데이터가 손실될 수 있습니다.
c:\users\user\dropbox\공부\1학년_2학기\전공\c언어\visual_code\2016_12_04_노래 함수\소스.cpp(205): warning C4244: '=': 'double'에서 'float'(으)로 변환하면서 데이터가 손실될 수 있습니다.
c:\users\user\dropbox\공부\1학년_2학기\전공\c언어\visual_code\2016_12_04_노래 함수\소스.cpp(206): warning C4244: '=': 'double'에서 'float'(으)로 변환하면서 데이터가 손실될 수 있습니다.
c:\users\user\dropbox\공부\1학년_2학기\전공\c언어\visual_code\2016_12_04_노래 함수\소스.cpp(207): warning C4244: '=': 'double'에서 'float'(으)로 변환하면서 데이터가 손실될 수 있습니다.
c:\users\user\dropbox\공부\1학년_2학기\전공\c언어\visual_code\2016_12_04_노래 함수\소스.cpp(213): warning C4244: '=': 'double'에서 'float'(으)로 변환하면서 데이터가 손실될 수 있습니다.
c:\users\user\dropbox\공부\1학년_2학기\전공\c언어\visual_code\2016_12_04_노래 함수\소스.cpp(214): warning C4244: '=': 'double'에서 'float'(으)로 변환하면서 데이터가 손실될 수 있습니다.
c:\users\user\dropbox\공부\1학년_2학기\전공\c언어\visual_code\2016_12_04_노래 함수\소스.cpp(215): warning C4244: '=': 'double'에서 'float'(으)로 변환하면서 데이터가 손실될 수 있습니다.
c:\users\user\dropbox\공부\1학년_2학기\전공\c언어\visual_code\2016_12_04_노래 함수\소스.cpp(216): warning C4244: '=': 'double'에서 'float'(으)로 변환하면서 데이터가 손실될 수 있습니다.
c:\users\user\dropbox\공부\1학년_2학기\전공\c언어\visual_code\2016_12_04_노래 함수\소스.cpp(217): warning C4244: '=': 'double'에서 'float'(으)로 변환하면서 데이터가 손실될 수 있습니다.
c:\users\user\dropbox\공부\1학년_2학기\전공\c언어\visual_code\2016_12_04_노래 함수\소스.cpp(223): warning C4244: '=': 'double'에서 'float'(으)로 변환하면서 데이터가 손실될 수 있습니다.
c:\users\user\dropbox\공부\1학년_2학기\전공\c언어\visual_code\2016_12_04_노래 함수\소스.cpp(224): warning C4244: '=': 'double'에서 'float'(으)로 변환하면서 데이터가 손실될 수 있습니다.
c:\users\user\dropbox\공부\1학년_2학기\전공\c언어\visual_code\2016_12_04_노래 함수\소스.cpp(225): warning C4244: '=': 'double'에서 'float'(으)로 변환하면서 데이터가 손실될 수 있습니다.
c:\users\user\dropbox\공부\1학년_2학기\전공\c언어\visual_code\2016_12_04_노래 함수\소스.cpp(226): warning C4244: '=': 'double'에서 'float'(으)로 변환하면서 데이터가 손실될 수 있습니다.
c:\users\user\dropbox\공부\1학년_2학기\전공\c언어\visual_code\2016_12_04_노래 함수\소스.cpp(227): warning C4244: '=': 'double'에서 'float'(으)로 변환하면서 데이터가 손실될 수 있습니다.
c:\users\user\dropbox\공부\1학년_2학기\전공\c언어\visual_code\2016_12_04_노래 함수\소스.cpp(233): warning C4244: '=': 'double'에서 'float'(으)로 변환하면서 데이터가 손실될 수 있습니다.
c:\users\user\dropbox\공부\1학년_2학기\전공\c언어\visual_code\2016_12_04_노래 함수\소스.cpp(234): warning C4244: '=': 'double'에서 'float'(으)로 변환하면서 데이터가 손실될 수 있습니다.
c:\users\user\dropbox\공부\1학년_2학기\전공\c언어\visual_code\2016_12_04_노래 함수\소스.cpp(235): warning C4244: '=': 'double'에서 'float'(으)로 변환하면서 데이터가 손실될 수 있습니다.
c:\users\user\dropbox\공부\1학년_2학기\전공\c언어\visual_code\2016_12_04_노래 함수\소스.cpp(236): warning C4244: '=': 'double'에서 'float'(으)로 변환하면서 데이터가 손실될 수 있습니다.
c:\users\user\dropbox\공부\1학년_2학기\전공\c언어\visual_code\2016_12_04_노래 함수\소스.cpp(237): warning C4244: '=': 'double'에서 'float'(으)로 변환하면서 데이터가 손실될 수 있습니다.
c:\users\user\dropbox\공부\1학년_2학기\전공\c언어\visual_code\2016_12_04_노래 함수\소스.cpp(243): warning C4244: '=': 'double'에서 'float'(으)로 변환하면서 데이터가 손실될 수 있습니다.
c:\users\user\dropbox\공부\1학년_2학기\전공\c언어\visual_code\2016_12_04_노래 함수\소스.cpp(244): warning C4244: '=': 'double'에서 'float'(으)로 변환하면서 데이터가 손실될 수 있습니다.
c:\users\user\dropbox\공부\1학년_2학기\전공\c언어\visual_code\2016_12_04_노래 함수\소스.cpp(245): warning C4244: '=': 'double'에서 'float'(으)로 변환하면서 데이터가 손실될 수 있습니다.
c:\users\user\dropbox\공부\1학년_2학기\전공\c언어\visual_code\2016_12_04_노래 함수\소스.cpp(246): warning C4244: '=': 'double'에서 'float'(으)로 변환하면서 데이터가 손실될 수 있습니다.
c:\users\user\dropbox\공부\1학년_2학기\전공\c언어\visual_code\2016_12_04_노래 함수\소스.cpp(247): warning C4244: '=': 'double'에서 'float'(으)로 변환하면서 데이터가 손실될 수 있습니다.
c:\users\user\dropbox\공부\1학년_2학기\전공\c언어\visual_code\2016_12_04_노래 함수\소스.cpp(253): warning C4244: '=': 'double'에서 'float'(으)로 변환하면서 데이터가 손실될 수 있습니다.
c:\users\user\dropbox\공부\1학년_2학기\전공\c언어\visual_code\2016_12_04_노래 함수\소스.cpp(254): warning C4244: '=': 'double'에서 'float'(으)로 변환하면서 데이터가 손실될 수 있습니다.
c:\users\user\dropbox\공부\1학년_2학기\전공\c언어\visual_code\2016_12_04_노래 함수\소스.cpp(255): warning C4244: '=': 'double'에서 'float'(으)로 변환하면서 데이터가 손실될 수 있습니다.
c:\users\user\dropbox\공부\1학년_2학기\전공\c언어\visual_code\2016_12_04_노래 함수\소스.cpp(256): warning C4244: '=': 'double'에서 'float'(으)로 변환하면서 데이터가 손실될 수 있습니다.
c:\users\user\dropbox\공부\1학년_2학기\전공\c언어\visual_code\2016_12_04_노래 함수\소스.cpp(257): warning C4244: '=': 'double'에서 'float'(으)로 변환하면서 데이터가 손실될 수 있습니다.
  2016_12_04_노래 함수.vcxproj -> C:\Users\user\Dropbox\공부\1학년_2학기\전공\C언어\Visual_Code\2016_12_04_노래 함수\Debug\2016_12_04_노래 함수.exe
